[INFO] Scanning for projects...
[INFO] 
[INFO] ---------------< com.example:garbage-reporting-service >----------------
[INFO] Building garbage-reporting-service 0.0.1-SNAPSHOT
[INFO]   from pom.xml
[INFO] --------------------------------[ jar ]---------------------------------
[INFO] 
[INFO] >>> spring-boot:4.0.5:run (default-cli) > test-compile @ garbage-reporting-service >>>
[INFO] 
[INFO] --- resources:3.3.1:resources (default-resources) @ garbage-reporting-service ---
[INFO] Copying 1 resource from src\main\resources to target\classes
[INFO] Copying 0 resource from src\main\resources to target\classes
[INFO] 
[INFO] --- compiler:3.14.1:compile (default-compile) @ garbage-reporting-service ---
[INFO] Recompiling the module because of changed source code.
[INFO] Compiling 76 source files with javac [debug parameters release 21] to target\classes
[INFO] /C:/Proyectos/Tp1Datos/Tp1Datos/src/main/java/com/example/garbagereporting/exception/GlobalExceptionHandler.java: C:\Proyectos\Tp1Datos\Tp1Datos\src\main\java\com\example\garbagereporting\exception\GlobalExceptionHandler.java uses or overrides a deprecated API.
[INFO] /C:/Proyectos/Tp1Datos/Tp1Datos/src/main/java/com/example/garbagereporting/exception/GlobalExceptionHandler.java: Recompile with -Xlint:deprecation for details.
[INFO] 
[INFO] --- resources:3.3.1:testResources (default-testResources) @ garbage-reporting-service ---
[INFO] skip non existing resourceDirectory C:\Proyectos\Tp1Datos\Tp1Datos\src\test\resources
[INFO] 
[INFO] --- compiler:3.14.1:testCompile (default-testCompile) @ garbage-reporting-service ---
[INFO] Recompiling the module because of changed dependency.
[INFO] Compiling 1 source file with javac [debug parameters release 21] to target\test-classes
[INFO] 
[INFO] <<< spring-boot:4.0.5:run (default-cli) < test-compile @ garbage-reporting-service <<<
[INFO] 
[INFO] 
[INFO] --- spring-boot:4.0.5:run (default-cli) @ garbage-reporting-service ---
[INFO] Attaching agents: []

  .   ____          _            __ _ _
 /\\ / ___'_ __ _ _(_)_ __  __ _ \ \ \ \
( ( )\___ | '_ | '_| | '_ \/ _` | \ \ \ \
 \\/  ___)| |_)| | | | | || (_| |  ) ) ) )
  '  |____| .__|_| |_|_| |_\__, | / / / /
 =========|_|==============|___/=/_/_/_/

 :: Spring Boot ::                (v4.0.5)

2026-04-12T16:47:26.207-03:00  INFO 26716 --- [garbage-reporting-service] [           main] c.e.g.GarbageReportingApplication        : Starting GarbageReportingApplication using Java 21.0.10 with PID 26716 (C:\Proyectos\Tp1Datos\Tp1Datos\target\classes started by maxim in C:\Proyectos\Tp1Datos\Tp1Datos)
2026-04-12T16:47:26.221-03:00  INFO 26716 --- [garbage-reporting-service] [           main] c.e.g.GarbageReportingApplication        : No active profile set, falling back to 1 default profile: "default"
2026-04-12T16:47:29.124-03:00  INFO 26716 --- [garbage-reporting-service] [           main] .s.d.r.c.RepositoryConfigurationDelegate : Multiple Spring Data modules found, entering strict repository configuration mode
2026-04-12T16:47:29.129-03:00  INFO 26716 --- [garbage-reporting-service] [           main] .s.d.r.c.RepositoryConfigurationDelegate : Bootstrapping Spring Data MongoDB repositories in DEFAULT mode.
2026-04-12T16:47:29.849-03:00  INFO 26716 --- [garbage-reporting-service] [           main] .s.d.r.c.RepositoryConfigurationDelegate : Finished Spring Data repository scanning in 694 ms. Found 4 MongoDB repository interfaces.
2026-04-12T16:47:31.288-03:00  INFO 26716 --- [garbage-reporting-service] [           main] .s.d.r.c.RepositoryConfigurationDelegate : Multiple Spring Data modules found, entering strict repository configuration mode
2026-04-12T16:47:31.293-03:00  INFO 26716 --- [garbage-reporting-service] [           main] .s.d.r.c.RepositoryConfigurationDelegate : Bootstrapping Spring Data Redis repositories in DEFAULT mode.
2026-04-12T16:47:31.518-03:00  INFO 26716 --- [garbage-reporting-service] [           main] .RepositoryConfigurationExtensionSupport : Spring Data Redis - Could not safely identify store assignment for repository candidate interface com.example.garbagereporting.repository.EmailVerificationTokenRepository; If you want this repository to be a Redis repository, consider annotating your entities with one of these annotations: org.springframework.data.redis.core.RedisHash (preferred), or consider extending one of the following types with your repository: org.springframework.data.keyvalue.repository.KeyValueRepository
2026-04-12T16:47:31.524-03:00  INFO 26716 --- [garbage-reporting-service] [           main] .RepositoryConfigurationExtensionSupport : Spring Data Redis - Could not safely identify store assignment for repository candidate interface com.example.garbagereporting.repository.GarbageReportRepository; If you want this repository to be a Redis repository, consider annotating your entities with one of these annotations: org.springframework.data.redis.core.RedisHash (preferred), or consider extending one of the following types with your repository: org.springframework.data.keyvalue.repository.KeyValueRepository
2026-04-12T16:47:31.530-03:00  INFO 26716 --- [garbage-reporting-service] [           main] .RepositoryConfigurationExtensionSupport : Spring Data Redis - Could not safely identify store assignment for repository candidate interface com.example.garbagereporting.repository.ReportRepository; If you want this repository to be a Redis repository, consider annotating your entities with one of these annotations: org.springframework.data.redis.core.RedisHash (preferred), or consider extending one of the following types with your repository: org.springframework.data.keyvalue.repository.KeyValueRepository
2026-04-12T16:47:31.533-03:00  INFO 26716 --- [garbage-reporting-service] [           main] .RepositoryConfigurationExtensionSupport : Spring Data Redis - Could not safely identify store assignment for repository candidate interface com.example.garbagereporting.repository.UserAccountRepository; If you want this repository to be a Redis repository, consider annotating your entities with one of these annotations: org.springframework.data.redis.core.RedisHash (preferred), or consider extending one of the following types with your repository: org.springframework.data.keyvalue.repository.KeyValueRepository
2026-04-12T16:47:31.535-03:00  INFO 26716 --- [garbage-reporting-service] [           main] .s.d.r.c.RepositoryConfigurationDelegate : Finished Spring Data repository scanning in 149 ms. Found 0 Redis repository interfaces.
2026-04-12T16:47:33.477-03:00  INFO 26716 --- [garbage-reporting-service] [           main] o.s.boot.tomcat.TomcatWebServer          : Tomcat initialized with port 8084 (http)
2026-04-12T16:47:33.520-03:00  INFO 26716 --- [garbage-reporting-service] [           main] o.apache.catalina.core.StandardService   : Starting service [Tomcat]
2026-04-12T16:47:33.522-03:00  INFO 26716 --- [garbage-reporting-service] [           main] o.apache.catalina.core.StandardEngine    : Starting Servlet engine: [Apache Tomcat/11.0.20]
2026-04-12T16:47:33.778-03:00  INFO 26716 --- [garbage-reporting-service] [           main] b.w.c.s.WebApplicationContextInitializer : Root WebApplicationContext: initialization completed in 7363 ms
2026-04-12T16:47:34.992-03:00  INFO 26716 --- [garbage-reporting-service] [           main] org.mongodb.driver.client                : MongoClient with metadata {"driver": {"name": "mongo-java-driver|spring-boot|sync", "version": "5.6.4"}, "os": {"type": "Windows", "name": "Windows 11", "architecture": "amd64", "version": "10.0"}, "platform": "Java/Oracle Corporation/21.0.10+8-LTS-217"} created with settings MongoClientSettings{readPreference=primary, writeConcern=WriteConcern{w=null, wTimeout=null ms, journal=null}, retryWrites=true, retryReads=true, readConcern=ReadConcern{level=null}, credential=null, transportSettings=null, commandListeners=[], codecRegistry=ProvidersCodecRegistry{codecProviders=[ValueCodecProvider{}, BsonValueCodecProvider{}, DBRefCodecProvider{}, DBObjectCodecProvider{}, DocumentCodecProvider{}, CollectionCodecProvider{}, IterableCodecProvider{}, MapCodecProvider{}, GeoJsonCodecProvider{}, GridFSFileCodecProvider{}, Jsr310CodecProvider{}, JsonObjectCodecProvider{}, BsonCodecProvider{}, com.mongodb.client.model.mql.ExpressionCodecProvider@6b3f4bd8, com.mongodb.Jep395RecordCodecProvider@3e151e1f, com.mongodb.KotlinCodecProvider@d70e9a, EnumCodecProvider{}]}, loggerSettings=LoggerSettings{maxDocumentLength=1000}, clusterSettings={hosts=[localhost:27017], srvServiceName=mongodb, mode=SINGLE, requiredClusterType=UNKNOWN, requiredReplicaSetName='null', serverSelector='null', clusterListeners='[]', serverSelectionTimeout='30000 ms', localThreshold='15 ms'}, socketSettings=SocketSettings{connectTimeoutMS=10000, readTimeoutMS=0, receiveBufferSize=0, proxySettings=ProxySettings{host=null, port=null, username=null, password=null}}, heartbeatSocketSettings=SocketSettings{connectTimeoutMS=10000, readTimeoutMS=10000, receiveBufferSize=0, proxySettings=ProxySettings{host=null, port=null, username=null, password=null}}, connectionPoolSettings=ConnectionPoolSettings{maxSize=100, minSize=0, maxWaitTimeMS=120000, maxConnectionLifeTimeMS=0, maxConnectionIdleTimeMS=0, maintenanceInitialDelayMS=0, maintenanceFrequencyMS=60000, connectionPoolListeners=[], maxConnecting=2}, serverSettings=ServerSettings{heartbeatFrequencyMS=10000, minHeartbeatFrequencyMS=500, serverMonitoringMode=AUTO, serverListeners='[]', serverMonitorListeners='[]'}, sslSettings=SslSettings{enabled=false, invalidHostNameAllowed=false, context=null}, applicationName='null', compressorList=[], uuidRepresentation=UNSPECIFIED, serverApi=null, autoEncryptionSettings=null, dnsClient=null, inetAddressResolver=null, contextProvider=null, timeoutMS=null}
2026-04-12T16:47:35.060-03:00  INFO 26716 --- [garbage-reporting-service] [localhost:27017] org.mongodb.driver.cluster               : Monitor thread successfully connected to server with description ServerDescription{address=localhost:27017, type=STANDALONE, cryptd=false, state=CONNECTED, ok=true, minWireVersion=0, maxWireVersion=21, maxDocumentSize=16777216, logicalSessionTimeoutMinutes=30, roundTripTimeNanos=58155200, minRoundTripTimeNanos=0}
2026-04-12T16:47:36.294-03:00  INFO 26716 --- [garbage-reporting-service] [           main] r$InitializeUserDetailsManagerConfigurer : Global AuthenticationManager configured with UserDetailsService bean with name mongoUserDetailsService
2026-04-12T16:47:41.257-03:00  INFO 26716 --- [garbage-reporting-service] [           main] o.s.boot.tomcat.TomcatWebServer          : Tomcat started on port 8084 (http) with context path '/'
2026-04-12T16:47:41.264-03:00  INFO 26716 --- [garbage-reporting-service] [           main] o.s.a.r.c.CachingConnectionFactory       : Attempting to connect to: [localhost:5672]
2026-04-12T16:47:41.435-03:00  INFO 26716 --- [garbage-reporting-service] [           main] o.s.a.r.c.CachingConnectionFactory       : Created new connection: rabbitConnectionFactory#3355b8ff:0/SimpleConnection@522f74a1 [delegate=amqp://guest@127.0.0.1:5672/, localPort=60364]
2026-04-12T16:47:41.598-03:00  INFO 26716 --- [garbage-reporting-service] [           main] c.e.g.GarbageReportingApplication        : Started GarbageReportingApplication in 17.118 seconds (process running for 18.711)
2026-04-12T16:47:42.050-03:00  INFO 26716 --- [garbage-reporting-service] [           main] c.e.g.config.AdminUserSeeder             : Admin user refreshed with configured credentials for email=admin@ecoruta.local
2026-04-12T16:47:47.709-03:00  INFO 26716 --- [garbage-reporting-service] [nio-8084-exec-2] o.a.c.c.C.[Tomcat].[localhost].[/]       : Initializing Spring DispatcherServlet 'dispatcherServlet'
2026-04-12T16:47:47.710-03:00  INFO 26716 --- [garbage-reporting-service] [nio-8084-exec-2] o.s.web.servlet.DispatcherServlet        : Initializing Servlet 'dispatcherServlet'
2026-04-12T16:47:47.713-03:00  INFO 26716 --- [garbage-reporting-service] [nio-8084-exec-2] o.s.web.servlet.DispatcherServlet        : Completed initialization in 2 ms
2026-04-12T16:47:49.548-03:00  INFO 26716 --- [garbage-reporting-service] [nio-8084-exec-1] c.e.g.service.impl.RouteServiceImpl      : Route request scope=active validReports=4
2026-04-12T16:47:49.555-03:00  INFO 26716 --- [garbage-reporting-service] [nio-8084-exec-1] c.e.g.service.impl.RouteServiceImpl      : Route optimization scope=active waypointCount=4 waypoints=[RouteCoordinateDto(lat=-31.420083, lng=-64.188776), RouteCoordinateDto(lat=-31.420083, lng=-64.188776), RouteCoordinateDto(lat=-31.408448, lng=-64.183803), RouteCoordinateDto(lat=-31.419141, lng=-64.169769)]
2026-04-12T16:47:49.579-03:00  INFO 26716 --- [garbage-reporting-service] [nio-8084-exec-1] c.e.g.s.impl.OsrmRoadRoutingService      : OSRM request provider=osrm waypointCount=4 payload=https://router.project-osrm.org/route/v1/driving/-64.188776,-31.420083;-64.188776,-31.420083;-64.183803,-31.408448;-64.169769,-31.419141?overview=full&geometries=geojson&steps=false
2026-04-12T16:47:50.900-03:00  INFO 26716 --- [garbage-reporting-service] [nio-8084-exec-1] c.e.g.s.impl.OsrmRoadRoutingService      : OSRM raw response={"code":"Ok","routes":[{"legs":[{"steps":[],"weight":0,"summary":"","duration":0,"distance":0},{"steps":[],"weight":373.8,"summary":"","duration":373.8,"distance":3425},{"steps":[],"weight":305.9,"summary":"","duration":305.9,"distance":2560.9}],"weight_name":"routability","geometry":{"coordinates":[[-64.188708,-31.420082],[-64.188708,-31.420082],[-64.188708,-31.420086],[-64.18871,-31.420127],[-64.188717,-31.420178],[-64.188727,-31.42023],[-64.188737,-31.420284],[-64.188734,-31.420338],[-64.188686,-31.420476],[-64.188602,-31.420666],[-64.188447,-31.420996],[-64.188216,-31.421509],[-64.188139,-31.421536],[-64.187971,-31.421596],[-64.187883,-31.421621],[-64.186582,-31.422025],[-64.185253,-31.422438],[-64.185197,-31.422455],[-64.183898,-31.422858],[-64.182631,-31.423252],[-64.182447,-31.422805],[-64.182417,-31.42273],[-64.182381,-31.422643],[-64.182244,-31.42231],[-64.182096,-31.421946],[-64.182055,-31.421848],[-64.181996,-31.421707],[-64.181525,-31.420577],[-64.181044,-31.419435],[-64.180579,-31.418327],[-64.180572,-31.418311],[-64.180565,-31.418294],[-64.18008,-31.417168],[-64.179602,-31.416049],[-64.17914,-31.41493],[-64.179101,-31.414847],[-64.179079,-31.414799],[-64.178639,-31.413739],[-64.178175,-31.412602],[-64.177656,-31.411342],[-64.177203,-31.410228],[-64.176765,-31.409209],[-64.176694,-31.40916],[-64.176344,-31.408326],[-64.176286,-31.408226],[-64.176389,-31.408131],[-64.176494,-31.408041],[-64.176623,-31.40794],[-64.176705,-31.407879],[-64.17677,-31.407829],[-64.176886,-31.407747],[-64.177037,-31.407642],[-64.177306,-31.407461],[-64.177415,-31.407379],[-64.17751,-31.407317],[-64.177787,-31.407161],[-64.178057,-31.407009],[-64.178307,-31.406867],[-64.178602,-31.406715],[-64.178777,-31.40663],[-64.178911,-31.406575],[-64.179084,-31.406512],[-64.179264,-31.406453],[-64.17945,-31.406403],[-64.179636,-31.406357],[-64.179939,-31.406291],[-64.180083,-31.406266],[-64.180207,-31.406255],[-64.180372,-31.406246],[-64.180498,-31.406249],[-64.180712,-31.406258],[-64.18091,-31.406268],[-64.181098,-31.406277],[-64.181286,-31.406288],[-64.181463,-31.406307],[-64.181582,-31.406323],[-64.181673,-31.40634],[-64.181779,-31.40637],[-64.181914,-31.406412],[-64.182061,-31.406469],[-64.18221,-31.406533],[-64.182417,-31.406621],[-64.182621,-31.406708],[-64.182813,-31.406796],[-64.183038,-31.406889],[-64.183151,-31.406925],[-64.183262,-31.406951],[-64.183339,-31.40717],[-64.183389,-31.407298],[-64.183645,-31.407908],[-64.183726,-31.408102],[-64.183788,-31.408253],[-64.183863,-31.408429],[-64.183949,-31.408629],[-64.184257,-31.409361],[-64.184512,-31.409966],[-64.184637,-31.410262],[-64.184804,-31.410657],[-64.185051,-31.411241],[-64.185126,-31.411418],[-64.185292,-31.411809],[-64.185342,-31.411932],[-64.185385,-31.412057],[-64.185484,-31.412275],[-64.185509,-31.412336],[-64.185656,-31.412688],[-64.185718,-31.412838],[-64.185737,-31.412882],[-64.185687,-31.412897],[-64.185375,-31.412988],[-64.185282,-31.413016],[-64.18518,-31.413046],[-64.185128,-31.413061],[-64.185099,-31.413069],[-64.185038,-31.413087],[-64.184988,-31.413102],[-64.184883,-31.413133],[-64.184383,-31.413279],[-64.184349,-31.413289],[-64.183851,-31.413435],[-64.183045,-31.413671],[-64.18243,-31.413853],[-64.18188,-31.414019],[-64.181724,-31.414065],[-64.181685,-31.414077],[-64.18146,-31.414144],[-64.181359,-31.414174],[-64.181164,-31.414232],[-64.181022,-31.414275],[-64.180699,-31.414371],[-64.180387,-31.414464],[-64.180033,-31.41457],[-64.179898,-31.41461],[-64.179678,-31.414675],[-64.179101,-31.414847],[-64.179061,-31.414859],[-64.17902,-31.41487],[-64.178233,-31.415127],[-64.178093,-31.415172],[-64.177774,-31.415275],[-64.177318,-31.415408],[-64.177083,-31.415482],[-64.176994,-31.415509],[-64.176922,-31.41553],[-64.176467,-31.415664],[-64.176184,-31.415764],[-64.176043,-31.415814],[-64.175744,-31.41592],[-64.175585,-31.415975],[-64.17545,-31.416022],[-64.175207,-31.416089],[-64.174904,-31.416136],[-64.174827,-31.416126],[-64.174646,-31.416086],[-64.173295,-31.415758],[-64.173248,-31.415759],[-64.173217,-31.415765],[-64.173194,-31.41578],[-64.173174,-31.415806],[-64.172804,-31.416776],[-64.172611,-31.417293],[-64.172427,-31.417796],[-64.172362,-31.417972],[-64.172035,-31.418849],[-64.171933,-31.419136],[-64.171764,-31.419611],[-64.171555,-31.420193],[-64.171544,-31.420214],[-64.171526,-31.420233],[-64.171474,-31.420241],[-64.170779,-31.42029],[-64.170746,-31.420173],[-64.170627,-31.419765],[-64.170494,-31.419232],[-64.169836,-31.419371]],"type":"LineString"},"weight":679.7,"duration":679.7,"distance":5985.9}],"waypoints":[{"hint":"jCPrh____38CAAAAAwAAAAAAAAAPAAAA0W2xQGAT4z4AAAAALSbhQQIAAAADAAAAAAAAAA8AAAC2kAAA3I4s_E6RIP6Yjiz8TZEg_gAAPwsAAAAA","location":[-64.188708,-31.420082],"name":"Avenida Vélez Sarsfield","distance":6.46625978},{"hint":"jCPrh____38CAAAAAwAAAAAAAAAPAAAA0W2xQGAT4z4AAAAALSbhQQIAAAADAAAAAAAAAA8AAAC2kAAA3I4s_E6RIP6Yjiz8TZEg_gAAPwsAAAAA","location":[-64.188708,-31.420082],"name":"Avenida Vélez Sarsfield","distance":6.46625978},{"hint":"8r9Ng____38XAAAAMgAAAAAAAAAAAAAAAzamQSIUvUEAAAAAAAAAABcAAAAyAAAAAAAAAAAAAAC2kAAAyaEs_NO-IP4Foiz8wL4g_gAAjwwAAAAA","location":[-64.183863,-31.408429],"name":"Avenida General Paz","distance":6.081236563},{"hint":"IN5jg____39IAAAAbgAAAAAAAAAAAAAAD92AQqNnBkIAAAAAAAAAAEgAAABuAAAAAAAAAAAAAAC2kAAAlNgs_BWUIP7X2Cz8-5Qg_gAAfwYAAAAA","location":[-64.169836,-31.419371],"name":"Pasaje Laurencena","distance":26.28525599}]}
2026-04-12T16:47:51.083-03:00  WARN 26716 --- [garbage-reporting-service] [nio-8084-exec-1] c.e.g.s.impl.OsrmRoadRoutingService      : OSRM routing request failed: Unrecognized field "type" (class com.example.garbagereporting.service.impl.OsrmRoadRoutingService$OsrmGeometryDto), not marked as ignorable (one known property: "coordinates")
 at [Source: REDACTED (`StreamReadFeature.INCLUDE_SOURCE_IN_LOCATION` disabled); line: 1, column: 4480] (through reference chain: com.example.garbagereporting.service.impl.OsrmRoadRoutingService$OsrmRouteResponse["routes"]->java.util.ArrayList[0]->com.example.garbagereporting.service.impl.OsrmRoadRoutingService$OsrmRouteDto["geometry"]->com.example.garbagereporting.service.impl.OsrmRoadRoutingService$OsrmGeometryDto["type"])

com.fasterxml.jackson.databind.exc.UnrecognizedPropertyException: Unrecognized field "type" (class com.example.garbagereporting.service.impl.OsrmRoadRoutingService$OsrmGeometryDto), not marked as ignorable (one known property: "coordinates")
 at [Source: REDACTED (`StreamReadFeature.INCLUDE_SOURCE_IN_LOCATION` disabled); line: 1, column: 4480] (through reference chain: com.example.garbagereporting.service.impl.OsrmRoadRoutingService$OsrmRouteResponse["routes"]->java.util.ArrayList[0]->com.example.garbagereporting.service.impl.OsrmRoadRoutingService$OsrmRouteDto["geometry"]->com.example.garbagereporting.service.impl.OsrmRoadRoutingService$OsrmGeometryDto["type"])
	at com.fasterxml.jackson.databind.exc.UnrecognizedPropertyException.from(UnrecognizedPropertyException.java:61) ~[jackson-databind-2.21.2.jar:2.21.2]
	at com.fasterxml.jackson.databind.DeserializationContext.handleUnknownProperty(DeserializationContext.java:1200) ~[jackson-databind-2.21.2.jar:2.21.2]
	at com.fasterxml.jackson.databind.deser.std.StdDeserializer.handleUnknownProperty(StdDeserializer.java:2380) ~[jackson-databind-2.21.2.jar:2.21.2]
	at com.fasterxml.jackson.databind.deser.BeanDeserializerBase.handleUnknownProperty(BeanDeserializerBase.java:1823) ~[jackson-databind-2.21.2.jar:2.21.2]
	at com.fasterxml.jackson.databind.deser.BeanDeserializerBase.handleUnknownVanilla(BeanDeserializerBase.java:1801) ~[jackson-databind-2.21.2.jar:2.21.2]
	at com.fasterxml.jackson.databind.deser.BeanDeserializer.deserialize(BeanDeserializer.java:271) ~[jackson-databind-2.21.2.jar:2.21.2]
	at com.fasterxml.jackson.databind.deser.BeanDeserializer._deserializeUsingPropertyBased(BeanDeserializer.java:472) ~[jackson-databind-2.21.2.jar:2.21.2]
	at com.fasterxml.jackson.databind.deser.BeanDeserializerBase.deserializeFromObjectUsingNonDefault(BeanDeserializerBase.java:1499) ~[jackson-databind-2.21.2.jar:2.21.2]
	at com.fasterxml.jackson.databind.deser.BeanDeserializer.deserializeFromObject(BeanDeserializer.java:340) ~[jackson-databind-2.21.2.jar:2.21.2]
	at com.fasterxml.jackson.databind.deser.BeanDeserializer.deserialize(BeanDeserializer.java:177) ~[jackson-databind-2.21.2.jar:2.21.2]
	at com.fasterxml.jackson.databind.deser.SettableBeanProperty.deserialize(SettableBeanProperty.java:562) ~[jackson-databind-2.21.2.jar:2.21.2]
	at com.fasterxml.jackson.databind.deser.BeanDeserializer._deserializeWithErrorWrapping(BeanDeserializer.java:603) ~[jackson-databind-2.21.2.jar:2.21.2]
	at com.fasterxml.jackson.databind.deser.BeanDeserializer._deserializeUsingPropertyBased(BeanDeserializer.java:446) ~[jackson-databind-2.21.2.jar:2.21.2]
	at com.fasterxml.jackson.databind.deser.BeanDeserializerBase.deserializeFromObjectUsingNonDefault(BeanDeserializerBase.java:1499) ~[jackson-databind-2.21.2.jar:2.21.2]
	at com.fasterxml.jackson.databind.deser.BeanDeserializer.deserializeFromObject(BeanDeserializer.java:340) ~[jackson-databind-2.21.2.jar:2.21.2]
	at com.fasterxml.jackson.databind.deser.BeanDeserializer.deserialize(BeanDeserializer.java:177) ~[jackson-databind-2.21.2.jar:2.21.2]
	at com.fasterxml.jackson.databind.deser.std.CollectionDeserializer._deserializeNoNullChecks(CollectionDeserializer.java:545) ~[jackson-databind-2.21.2.jar:2.21.2]
	at com.fasterxml.jackson.databind.deser.std.CollectionDeserializer._deserializeFromArray(CollectionDeserializer.java:358) ~[jackson-databind-2.21.2.jar:2.21.2]
	at com.fasterxml.jackson.databind.deser.std.CollectionDeserializer.deserialize(CollectionDeserializer.java:245) ~[jackson-databind-2.21.2.jar:2.21.2]
	at com.fasterxml.jackson.databind.deser.std.CollectionDeserializer.deserialize(CollectionDeserializer.java:29) ~[jackson-databind-2.21.2.jar:2.21.2]
	at com.fasterxml.jackson.databind.deser.SettableBeanProperty.deserialize(SettableBeanProperty.java:562) ~[jackson-databind-2.21.2.jar:2.21.2]
	at com.fasterxml.jackson.databind.deser.BeanDeserializer._deserializeWithErrorWrapping(BeanDeserializer.java:603) ~[jackson-databind-2.21.2.jar:2.21.2]
	at com.fasterxml.jackson.databind.deser.BeanDeserializer._deserializeUsingPropertyBased(BeanDeserializer.java:446) ~[jackson-databind-2.21.2.jar:2.21.2]
	at com.fasterxml.jackson.databind.deser.BeanDeserializerBase.deserializeFromObjectUsingNonDefault(BeanDeserializerBase.java:1499) ~[jackson-databind-2.21.2.jar:2.21.2]
	at com.fasterxml.jackson.databind.deser.BeanDeserializer.deserializeFromObject(BeanDeserializer.java:340) ~[jackson-databind-2.21.2.jar:2.21.2]
	at com.fasterxml.jackson.databind.deser.BeanDeserializer.deserialize(BeanDeserializer.java:177) ~[jackson-databind-2.21.2.jar:2.21.2]
	at com.fasterxml.jackson.databind.deser.DefaultDeserializationContext.readRootValue(DefaultDeserializationContext.java:342) ~[jackson-databind-2.21.2.jar:2.21.2]
	at com.fasterxml.jackson.databind.ObjectMapper._readMapAndClose(ObjectMapper.java:5052) ~[jackson-databind-2.21.2.jar:2.21.2]
	at com.fasterxml.jackson.databind.ObjectMapper.readValue(ObjectMapper.java:3954) ~[jackson-databind-2.21.2.jar:2.21.2]
	at com.fasterxml.jackson.databind.ObjectMapper.readValue(ObjectMapper.java:3922) ~[jackson-databind-2.21.2.jar:2.21.2]
	at com.example.garbagereporting.service.impl.OsrmRoadRoutingService.buildRoute(OsrmRoadRoutingService.java:72) ~[classes/:na]
	at com.example.garbagereporting.service.impl.RouteServiceImpl.getOptimalRoute(RouteServiceImpl.java:82) ~[classes/:na]
	at java.base/jdk.internal.reflect.DirectMethodHandleAccessor.invoke(DirectMethodHandleAccessor.java:103) ~[na:na]
	at java.base/java.lang.reflect.Method.invoke(Method.java:580) ~[na:na]
	at org.springframework.aop.support.AopUtils.invokeJoinpointUsingReflection(AopUtils.java:359) ~[spring-aop-7.0.6.jar:7.0.6]
	at org.springframework.aop.framework.ReflectiveMethodInvocation.invokeJoinpoint(ReflectiveMethodInvocation.java:190) ~[spring-aop-7.0.6.jar:7.0.6]
	at org.springframework.aop.framework.ReflectiveMethodInvocation.proceed(ReflectiveMethodInvocation.java:158) ~[spring-aop-7.0.6.jar:7.0.6]
	at org.springframework.cache.interceptor.CacheInterceptor.lambda$invoke$0(CacheInterceptor.java:54) ~[spring-context-7.0.6.jar:7.0.6]
	at org.springframework.cache.interceptor.CacheAspectSupport.invokeOperation(CacheAspectSupport.java:424) ~[spring-context-7.0.6.jar:7.0.6]
	at org.springframework.cache.interceptor.CacheAspectSupport.evaluate(CacheAspectSupport.java:589) ~[spring-context-7.0.6.jar:7.0.6]
	at org.springframework.cache.interceptor.CacheAspectSupport.execute(CacheAspectSupport.java:440) ~[spring-context-7.0.6.jar:7.0.6]
	at org.springframework.cache.interceptor.CacheAspectSupport.execute(CacheAspectSupport.java:404) ~[spring-context-7.0.6.jar:7.0.6]
	at org.springframework.cache.interceptor.CacheInterceptor.invoke(CacheInterceptor.java:64) ~[spring-context-7.0.6.jar:7.0.6]
	at org.springframework.aop.framework.ReflectiveMethodInvocation.proceed(ReflectiveMethodInvocation.java:179) ~[spring-aop-7.0.6.jar:7.0.6]
	at org.springframework.aop.framework.CglibAopProxy$DynamicAdvisedInterceptor.intercept(CglibAopProxy.java:719) ~[spring-aop-7.0.6.jar:7.0.6]
	at com.example.garbagereporting.service.impl.RouteServiceImpl$$SpringCGLIB$$0.getOptimalRoute(<generated>) ~[classes/:na]
	at com.example.garbagereporting.controller.RouteController.getOptimalRoute(RouteController.java:27) ~[classes/:na]
	at java.base/jdk.internal.reflect.DirectMethodHandleAccessor.invoke(DirectMethodHandleAccessor.java:103) ~[na:na]
	at java.base/java.lang.reflect.Method.invoke(Method.java:580) ~[na:na]
	at org.springframework.aop.support.AopUtils.invokeJoinpointUsingReflection(AopUtils.java:359) ~[spring-aop-7.0.6.jar:7.0.6]
	at org.springframework.aop.framework.ReflectiveMethodInvocation.invokeJoinpoint(ReflectiveMethodInvocation.java:190) ~[spring-aop-7.0.6.jar:7.0.6]
	at org.springframework.aop.framework.ReflectiveMethodInvocation.proceed(ReflectiveMethodInvocation.java:158) ~[spring-aop-7.0.6.jar:7.0.6]
	at org.springframework.security.authorization.method.AuthorizationManagerBeforeMethodInterceptor.proceed(AuthorizationManagerBeforeMethodInterceptor.java:271) ~[spring-security-core-7.0.4.jar:7.0.4]
	at org.springframework.security.authorization.method.AuthorizationManagerBeforeMethodInterceptor.attemptAuthorization(AuthorizationManagerBeforeMethodInterceptor.java:266) ~[spring-security-core-7.0.4.jar:7.0.4]
	at org.springframework.security.authorization.method.AuthorizationManagerBeforeMethodInterceptor.invoke(AuthorizationManagerBeforeMethodInterceptor.java:197) ~[spring-security-core-7.0.4.jar:7.0.4]
	at org.springframework.security.config.annotation.method.configuration.DeferringMethodInterceptor.invoke(DeferringMethodInterceptor.java:44) ~[spring-security-config-7.0.4.jar:7.0.4]
	at org.springframework.aop.framework.ReflectiveMethodInvocation.proceed(ReflectiveMethodInvocation.java:179) ~[spring-aop-7.0.6.jar:7.0.6]
	at org.springframework.aop.framework.CglibAopProxy$DynamicAdvisedInterceptor.intercept(CglibAopProxy.java:719) ~[spring-aop-7.0.6.jar:7.0.6]
	at com.example.garbagereporting.controller.RouteController$$SpringCGLIB$$0.getOptimalRoute(<generated>) ~[classes/:na]
	at java.base/jdk.internal.reflect.DirectMethodHandleAccessor.invoke(DirectMethodHandleAccessor.java:103) ~[na:na]
	at java.base/java.lang.reflect.Method.invoke(Method.java:580) ~[na:na]
	at org.springframework.web.method.support.InvocableHandlerMethod.doInvoke(InvocableHandlerMethod.java:252) ~[spring-web-7.0.6.jar:7.0.6]
	at org.springframework.web.method.support.InvocableHandlerMethod.invokeForRequest(InvocableHandlerMethod.java:184) ~[spring-web-7.0.6.jar:7.0.6]
	at org.springframework.web.servlet.mvc.method.annotation.ServletInvocableHandlerMethod.invokeAndHandle(ServletInvocableHandlerMethod.java:117) ~[spring-webmvc-7.0.6.jar:7.0.6]
	at org.springframework.web.servlet.mvc.method.annotation.RequestMappingHandlerAdapter.invokeHandlerMethod(RequestMappingHandlerAdapter.java:934) ~[spring-webmvc-7.0.6.jar:7.0.6]
	at org.springframework.web.servlet.mvc.method.annotation.RequestMappingHandlerAdapter.handleInternal(RequestMappingHandlerAdapter.java:853) ~[spring-webmvc-7.0.6.jar:7.0.6]
	at org.springframework.web.servlet.mvc.method.AbstractHandlerMethodAdapter.handle(AbstractHandlerMethodAdapter.java:86) ~[spring-webmvc-7.0.6.jar:7.0.6]
	at org.springframework.web.servlet.DispatcherServlet.doDispatch(DispatcherServlet.java:963) ~[spring-webmvc-7.0.6.jar:7.0.6]
	at org.springframework.web.servlet.DispatcherServlet.doService(DispatcherServlet.java:866) ~[spring-webmvc-7.0.6.jar:7.0.6]
	at org.springframework.web.servlet.FrameworkServlet.processRequest(FrameworkServlet.java:1000) ~[spring-webmvc-7.0.6.jar:7.0.6]
	at org.springframework.web.servlet.FrameworkServlet.doGet(FrameworkServlet.java:892) ~[spring-webmvc-7.0.6.jar:7.0.6]
	at jakarta.servlet.http.HttpServlet.service(HttpServlet.java:622) ~[tomcat-embed-core-11.0.20.jar:6.1]
	at org.springframework.web.servlet.FrameworkServlet.service(FrameworkServlet.java:874) ~[spring-webmvc-7.0.6.jar:7.0.6]
	at jakarta.servlet.http.HttpServlet.service(HttpServlet.java:710) ~[tomcat-embed-core-11.0.20.jar:6.1]
	at org.apache.catalina.core.ApplicationFilterChain.doFilter(ApplicationFilterChain.java:128) ~[tomcat-embed-core-11.0.20.jar:11.0.20]
	at org.apache.tomcat.websocket.server.WsFilter.doFilter(WsFilter.java:53) ~[tomcat-embed-websocket-11.0.20.jar:11.0.20]
	at org.apache.catalina.core.ApplicationFilterChain.doFilter(ApplicationFilterChain.java:107) ~[tomcat-embed-core-11.0.20.jar:11.0.20]
	at org.springframework.web.filter.CompositeFilter$VirtualFilterChain.doFilter(CompositeFilter.java:108) ~[spring-web-7.0.6.jar:7.0.6]
	at org.springframework.security.web.FilterChainProxy.lambda$doFilterInternal$3(FilterChainProxy.java:235) ~[spring-security-web-7.0.4.jar:7.0.4]
	at org.springframework.security.web.FilterChainProxy$VirtualFilterChain.doFilter(FilterChainProxy.java:371) ~[spring-security-web-7.0.4.jar:7.0.4]
	at org.springframework.security.web.access.intercept.AuthorizationFilter.doFilter(AuthorizationFilter.java:101) ~[spring-security-web-7.0.4.jar:7.0.4]
	at org.springframework.security.web.FilterChainProxy$VirtualFilterChain.doFilter(FilterChainProxy.java:380) ~[spring-security-web-7.0.4.jar:7.0.4]
	at org.springframework.security.web.access.ExceptionTranslationFilter.doFilter(ExceptionTranslationFilter.java:126) ~[spring-security-web-7.0.4.jar:7.0.4]
	at org.springframework.security.web.access.ExceptionTranslationFilter.doFilter(ExceptionTranslationFilter.java:120) ~[spring-security-web-7.0.4.jar:7.0.4]
	at org.springframework.security.web.FilterChainProxy$VirtualFilterChain.doFilter(FilterChainProxy.java:380) ~[spring-security-web-7.0.4.jar:7.0.4]
	at org.springframework.security.web.session.SessionManagementFilter.doFilter(SessionManagementFilter.java:132) ~[spring-security-web-7.0.4.jar:7.0.4]
	at org.springframework.security.web.session.SessionManagementFilter.doFilter(SessionManagementFilter.java:86) ~[spring-security-web-7.0.4.jar:7.0.4]
	at org.springframework.security.web.FilterChainProxy$VirtualFilterChain.doFilter(FilterChainProxy.java:380) ~[spring-security-web-7.0.4.jar:7.0.4]
	at org.springframework.security.web.authentication.AnonymousAuthenticationFilter.doFilter(AnonymousAuthenticationFilter.java:100) ~[spring-security-web-7.0.4.jar:7.0.4]
	at org.springframework.security.web.FilterChainProxy$VirtualFilterChain.doFilter(FilterChainProxy.java:380) ~[spring-security-web-7.0.4.jar:7.0.4]
	at org.springframework.security.web.servletapi.SecurityContextHolderAwareRequestFilter.doFilter(SecurityContextHolderAwareRequestFilter.java:181) ~[spring-security-web-7.0.4.jar:7.0.4]
	at org.springframework.security.web.FilterChainProxy$VirtualFilterChain.doFilter(FilterChainProxy.java:380) ~[spring-security-web-7.0.4.jar:7.0.4]
	at org.springframework.security.web.savedrequest.RequestCacheAwareFilter.doFilter(RequestCacheAwareFilter.java:63) ~[spring-security-web-7.0.4.jar:7.0.4]
	at org.springframework.security.web.FilterChainProxy$VirtualFilterChain.doFilter(FilterChainProxy.java:380) ~[spring-security-web-7.0.4.jar:7.0.4]
	at org.springframework.security.web.authentication.AuthenticationFilter.doFilterInternal(AuthenticationFilter.java:194) ~[spring-security-web-7.0.4.jar:7.0.4]
	at org.springframework.web.filter.OncePerRequestFilter.doFilter(OncePerRequestFilter.java:116) ~[spring-web-7.0.6.jar:7.0.6]
	at org.springframework.security.web.FilterChainProxy$VirtualFilterChain.doFilter(FilterChainProxy.java:380) ~[spring-security-web-7.0.4.jar:7.0.4]
	at org.springframework.security.oauth2.server.resource.web.authentication.BearerTokenAuthenticationFilter.doFilterInternal(BearerTokenAuthenticationFilter.java:207) ~[spring-security-oauth2-resource-server-7.0.4.jar:7.0.4]
	at org.springframework.web.filter.OncePerRequestFilter.doFilter(OncePerRequestFilter.java:116) ~[spring-web-7.0.6.jar:7.0.6]
	at org.springframework.security.web.FilterChainProxy$VirtualFilterChain.doFilter(FilterChainProxy.java:380) ~[spring-security-web-7.0.4.jar:7.0.4]
	at org.springframework.security.oauth2.server.resource.web.OAuth2ProtectedResourceMetadataFilter.doFilterInternal(OAuth2ProtectedResourceMetadataFilter.java:97) ~[spring-security-oauth2-resource-server-7.0.4.jar:7.0.4]
	at org.springframework.web.filter.OncePerRequestFilter.doFilter(OncePerRequestFilter.java:116) ~[spring-web-7.0.6.jar:7.0.6]
	at org.springframework.security.web.FilterChainProxy$VirtualFilterChain.doFilter(FilterChainProxy.java:380) ~[spring-security-web-7.0.4.jar:7.0.4]
	at org.springframework.security.web.authentication.logout.LogoutFilter.doFilter(LogoutFilter.java:110) ~[spring-security-web-7.0.4.jar:7.0.4]
	at org.springframework.security.web.authentication.logout.LogoutFilter.doFilter(LogoutFilter.java:96) ~[spring-security-web-7.0.4.jar:7.0.4]
	at org.springframework.security.web.FilterChainProxy$VirtualFilterChain.doFilter(FilterChainProxy.java:380) ~[spring-security-web-7.0.4.jar:7.0.4]
	at org.springframework.web.filter.CorsFilter.doFilterInternal(CorsFilter.java:91) ~[spring-web-7.0.6.jar:7.0.6]
	at org.springframework.web.filter.OncePerRequestFilter.doFilter(OncePerRequestFilter.java:116) ~[spring-web-7.0.6.jar:7.0.6]
	at org.springframework.security.web.FilterChainProxy$VirtualFilterChain.doFilter(FilterChainProxy.java:380) ~[spring-security-web-7.0.4.jar:7.0.4]
	at org.springframework.security.web.header.HeaderWriterFilter.doHeadersAfter(HeaderWriterFilter.java:90) ~[spring-security-web-7.0.4.jar:7.0.4]
	at org.springframework.security.web.header.HeaderWriterFilter.doFilterInternal(HeaderWriterFilter.java:75) ~[spring-security-web-7.0.4.jar:7.0.4]
	at org.springframework.web.filter.OncePerRequestFilter.doFilter(OncePerRequestFilter.java:116) ~[spring-web-7.0.6.jar:7.0.6]
	at org.springframework.security.web.FilterChainProxy$VirtualFilterChain.doFilter(FilterChainProxy.java:380) ~[spring-security-web-7.0.4.jar:7.0.4]
	at org.springframework.security.web.context.SecurityContextHolderFilter.doFilter(SecurityContextHolderFilter.java:82) ~[spring-security-web-7.0.4.jar:7.0.4]
	at org.springframework.security.web.context.SecurityContextHolderFilter.doFilter(SecurityContextHolderFilter.java:69) ~[spring-security-web-7.0.4.jar:7.0.4]
	at org.springframework.security.web.FilterChainProxy$VirtualFilterChain.doFilter(FilterChainProxy.java:380) ~[spring-security-web-7.0.4.jar:7.0.4]
	at org.springframework.security.web.context.request.async.WebAsyncManagerIntegrationFilter.doFilterInternal(WebAsyncManagerIntegrationFilter.java:62) ~[spring-security-web-7.0.4.jar:7.0.4]
	at org.springframework.web.filter.OncePerRequestFilter.doFilter(OncePerRequestFilter.java:116) ~[spring-web-7.0.6.jar:7.0.6]
	at org.springframework.security.web.FilterChainProxy$VirtualFilterChain.doFilter(FilterChainProxy.java:380) ~[spring-security-web-7.0.4.jar:7.0.4]
	at org.springframework.security.web.session.DisableEncodeUrlFilter.doFilterInternal(DisableEncodeUrlFilter.java:42) ~[spring-security-web-7.0.4.jar:7.0.4]
	at org.springframework.web.filter.OncePerRequestFilter.doFilter(OncePerRequestFilter.java:116) ~[spring-web-7.0.6.jar:7.0.6]
	at org.springframework.security.web.FilterChainProxy$VirtualFilterChain.doFilter(FilterChainProxy.java:380) ~[spring-security-web-7.0.4.jar:7.0.4]
	at org.springframework.security.web.FilterChainProxy.doFilterInternal(FilterChainProxy.java:237) ~[spring-security-web-7.0.4.jar:7.0.4]
	at org.springframework.security.web.FilterChainProxy.doFilter(FilterChainProxy.java:195) ~[spring-security-web-7.0.4.jar:7.0.4]
	at org.springframework.web.filter.CompositeFilter$VirtualFilterChain.doFilter(CompositeFilter.java:113) ~[spring-web-7.0.6.jar:7.0.6]
	at org.springframework.web.filter.ServletRequestPathFilter.doFilter(ServletRequestPathFilter.java:52) ~[spring-web-7.0.6.jar:7.0.6]
	at org.springframework.web.filter.CompositeFilter$VirtualFilterChain.doFilter(CompositeFilter.java:113) ~[spring-web-7.0.6.jar:7.0.6]
	at org.springframework.web.filter.CompositeFilter.doFilter(CompositeFilter.java:74) ~[spring-web-7.0.6.jar:7.0.6]
	at org.springframework.security.config.annotation.web.configuration.WebSecurityConfiguration$CompositeFilterChainProxy.doFilter(WebSecurityConfiguration.java:317) ~[spring-security-config-7.0.4.jar:7.0.4]
	at org.springframework.web.filter.DelegatingFilterProxy.invokeDelegate(DelegatingFilterProxy.java:355) ~[spring-web-7.0.6.jar:7.0.6]
	at org.springframework.web.filter.DelegatingFilterProxy.doFilter(DelegatingFilterProxy.java:272) ~[spring-web-7.0.6.jar:7.0.6]
	at org.apache.catalina.core.ApplicationFilterChain.doFilter(ApplicationFilterChain.java:107) ~[tomcat-embed-core-11.0.20.jar:11.0.20]
	at org.springframework.web.filter.RequestContextFilter.doFilterInternal(RequestContextFilter.java:100) ~[spring-web-7.0.6.jar:7.0.6]
	at org.springframework.web.filter.OncePerRequestFilter.doFilter(OncePerRequestFilter.java:116) ~[spring-web-7.0.6.jar:7.0.6]
	at org.apache.catalina.core.ApplicationFilterChain.doFilter(ApplicationFilterChain.java:107) ~[tomcat-embed-core-11.0.20.jar:11.0.20]
	at org.springframework.web.filter.FormContentFilter.doFilterInternal(FormContentFilter.java:93) ~[spring-web-7.0.6.jar:7.0.6]
	at org.springframework.web.filter.OncePerRequestFilter.doFilter(OncePerRequestFilter.java:116) ~[spring-web-7.0.6.jar:7.0.6]
	at org.apache.catalina.core.ApplicationFilterChain.doFilter(ApplicationFilterChain.java:107) ~[tomcat-embed-core-11.0.20.jar:11.0.20]
	at org.springframework.web.filter.CharacterEncodingFilter.doFilterInternal(CharacterEncodingFilter.java:199) ~[spring-web-7.0.6.jar:7.0.6]
	at org.springframework.web.filter.OncePerRequestFilter.doFilter(OncePerRequestFilter.java:116) ~[spring-web-7.0.6.jar:7.0.6]
	at org.apache.catalina.core.ApplicationFilterChain.doFilter(ApplicationFilterChain.java:107) ~[tomcat-embed-core-11.0.20.jar:11.0.20]
	at org.apache.catalina.core.StandardWrapperValve.invoke(StandardWrapperValve.java:165) ~[tomcat-embed-core-11.0.20.jar:11.0.20]
	at org.apache.catalina.core.StandardContextValve.invoke(StandardContextValve.java:77) ~[tomcat-embed-core-11.0.20.jar:11.0.20]
	at org.apache.catalina.authenticator.AuthenticatorBase.invoke(AuthenticatorBase.java:492) ~[tomcat-embed-core-11.0.20.jar:11.0.20]
	at org.apache.catalina.core.StandardHostValve.invoke(StandardHostValve.java:113) ~[tomcat-embed-core-11.0.20.jar:11.0.20]
	at org.apache.catalina.valves.ErrorReportValve.invoke(ErrorReportValve.java:83) ~[tomcat-embed-core-11.0.20.jar:11.0.20]
	at org.apache.catalina.core.StandardEngineValve.invoke(StandardEngineValve.java:72) ~[tomcat-embed-core-11.0.20.jar:11.0.20]
	at org.apache.catalina.connector.CoyoteAdapter.service(CoyoteAdapter.java:341) ~[tomcat-embed-core-11.0.20.jar:11.0.20]
	at org.apache.coyote.http11.Http11Processor.service(Http11Processor.java:397) ~[tomcat-embed-core-11.0.20.jar:11.0.20]
	at org.apache.coyote.AbstractProcessorLight.process(AbstractProcessorLight.java:63) ~[tomcat-embed-core-11.0.20.jar:11.0.20]
	at org.apache.coyote.AbstractProtocol$ConnectionHandler.process(AbstractProtocol.java:903) ~[tomcat-embed-core-11.0.20.jar:11.0.20]
	at org.apache.tomcat.util.net.NioEndpoint$SocketProcessor.doRun(NioEndpoint.java:1779) ~[tomcat-embed-core-11.0.20.jar:11.0.20]
	at org.apache.tomcat.util.net.SocketProcessorBase.run(SocketProcessorBase.java:52) ~[tomcat-embed-core-11.0.20.jar:11.0.20]
	at org.apache.tomcat.util.threads.ThreadPoolExecutor.runWorker(ThreadPoolExecutor.java:946) ~[tomcat-embed-core-11.0.20.jar:11.0.20]
	at org.apache.tomcat.util.threads.ThreadPoolExecutor$Worker.run(ThreadPoolExecutor.java:480) ~[tomcat-embed-core-11.0.20.jar:11.0.20]
	at org.apache.tomcat.util.threads.TaskThread$WrappingRunnable.run(TaskThread.java:57) ~[tomcat-embed-core-11.0.20.jar:11.0.20]
	at java.base/java.lang.Thread.run(Thread.java:1583) ~[na:na]

2026-04-12T16:47:51.097-03:00  INFO 26716 --- [garbage-reporting-service] [nio-8084-exec-1] c.e.g.service.impl.RouteServiceImpl      : Route routing scope=active status=failed provider=osrm geometryPoints=0 firstGeometryPoint=null lastGeometryPoint=null totalDistanceKm=3.1624573405204313
