[INFO] Scanning for projects...
[INFO] 
[INFO] ---------------< com.example:garbage-reporting-service >----------------
[INFO] Building garbage-reporting-service 0.0.1-SNAPSHOT
[INFO]   from pom.xml
[INFO] --------------------------------[ jar ]---------------------------------
[INFO] 
[INFO] >>> spring-boot:4.0.5:run (default-cli) > test-compile @ garbage-reporting-service >>>
[INFO] 
[INFO] --- resources:3.3.1:resources (default-resources) @ garbage-reporting-service ---
[INFO] Copying 1 resource from src\main\resources to target\classes
[INFO] Copying 0 resource from src\main\resources to target\classes
[INFO] 
[INFO] --- compiler:3.14.1:compile (default-compile) @ garbage-reporting-service ---
[INFO] Nothing to compile - all classes are up to date.
[INFO] 
[INFO] --- resources:3.3.1:testResources (default-testResources) @ garbage-reporting-service ---
[INFO] skip non existing resourceDirectory C:\Proyectos\Tp1Datos\Tp1Datos\src\test\resources
[INFO] 
[INFO] --- compiler:3.14.1:testCompile (default-testCompile) @ garbage-reporting-service ---
[INFO] Nothing to compile - all classes are up to date.
[INFO] 
[INFO] <<< spring-boot:4.0.5:run (default-cli) < test-compile @ garbage-reporting-service <<<
[INFO] 
[INFO] 
[INFO] --- spring-boot:4.0.5:run (default-cli) @ garbage-reporting-service ---
[INFO] Attaching agents: []

  .   ____          _            __ _ _
 /\\ / ___'_ __ _ _(_)_ __  __ _ \ \ \ \
( ( )\___ | '_ | '_| | '_ \/ _` | \ \ \ \
 \\/  ___)| |_)| | | | | || (_| |  ) ) ) )
  '  |____| .__|_| |_|_| |_\__, | / / / /
 =========|_|==============|___/=/_/_/_/

 :: Spring Boot ::                (v4.0.5)

2026-04-12T16:59:07.564-03:00  INFO 12284 --- [garbage-reporting-service] [           main] c.e.g.GarbageReportingApplication        : Starting GarbageReportingApplication using Java 21.0.10 with PID 12284 (C:\Proyectos\Tp1Datos\Tp1Datos\target\classes started by maxim in C:\Proyectos\Tp1Datos\Tp1Datos)
2026-04-12T16:59:07.570-03:00  INFO 12284 --- [garbage-reporting-service] [           main] c.e.g.GarbageReportingApplication        : No active profile set, falling back to 1 default profile: "default"
2026-04-12T16:59:08.736-03:00  INFO 12284 --- [garbage-reporting-service] [           main] .s.d.r.c.RepositoryConfigurationDelegate : Multiple Spring Data modules found, entering strict repository configuration mode
2026-04-12T16:59:08.739-03:00  INFO 12284 --- [garbage-reporting-service] [           main] .s.d.r.c.RepositoryConfigurationDelegate : Bootstrapping Spring Data MongoDB repositories in DEFAULT mode.
2026-04-12T16:59:09.058-03:00  INFO 12284 --- [garbage-reporting-service] [           main] .s.d.r.c.RepositoryConfigurationDelegate : Finished Spring Data repository scanning in 305 ms. Found 4 MongoDB repository interfaces.
2026-04-12T16:59:09.560-03:00  INFO 12284 --- [garbage-reporting-service] [           main] .s.d.r.c.RepositoryConfigurationDelegate : Multiple Spring Data modules found, entering strict repository configuration mode
2026-04-12T16:59:09.563-03:00  INFO 12284 --- [garbage-reporting-service] [           main] .s.d.r.c.RepositoryConfigurationDelegate : Bootstrapping Spring Data Redis repositories in DEFAULT mode.
2026-04-12T16:59:09.615-03:00  INFO 12284 --- [garbage-reporting-service] [           main] .RepositoryConfigurationExtensionSupport : Spring Data Redis - Could not safely identify store assignment for repository candidate interface com.example.garbagereporting.repository.EmailVerificationTokenRepository; If you want this repository to be a Redis repository, consider annotating your entities with one of these annotations: org.springframework.data.redis.core.RedisHash (preferred), or consider extending one of the following types with your repository: org.springframework.data.keyvalue.repository.KeyValueRepository
2026-04-12T16:59:09.617-03:00  INFO 12284 --- [garbage-reporting-service] [           main] .RepositoryConfigurationExtensionSupport : Spring Data Redis - Could not safely identify store assignment for repository candidate interface com.example.garbagereporting.repository.GarbageReportRepository; If you want this repository to be a Redis repository, consider annotating your entities with one of these annotations: org.springframework.data.redis.core.RedisHash (preferred), or consider extending one of the following types with your repository: org.springframework.data.keyvalue.repository.KeyValueRepository
2026-04-12T16:59:09.620-03:00  INFO 12284 --- [garbage-reporting-service] [           main] .RepositoryConfigurationExtensionSupport : Spring Data Redis - Could not safely identify store assignment for repository candidate interface com.example.garbagereporting.repository.ReportRepository; If you want this repository to be a Redis repository, consider annotating your entities with one of these annotations: org.springframework.data.redis.core.RedisHash (preferred), or consider extending one of the following types with your repository: org.springframework.data.keyvalue.repository.KeyValueRepository
2026-04-12T16:59:09.621-03:00  INFO 12284 --- [garbage-reporting-service] [           main] .RepositoryConfigurationExtensionSupport : Spring Data Redis - Could not safely identify store assignment for repository candidate interface com.example.garbagereporting.repository.UserAccountRepository; If you want this repository to be a Redis repository, consider annotating your entities with one of these annotations: org.springframework.data.redis.core.RedisHash (preferred), or consider extending one of the following types with your repository: org.springframework.data.keyvalue.repository.KeyValueRepository
2026-04-12T16:59:09.622-03:00  INFO 12284 --- [garbage-reporting-service] [           main] .s.d.r.c.RepositoryConfigurationDelegate : Finished Spring Data repository scanning in 42 ms. Found 0 Redis repository interfaces.
2026-04-12T16:59:10.837-03:00  INFO 12284 --- [garbage-reporting-service] [           main] o.s.boot.tomcat.TomcatWebServer          : Tomcat initialized with port 8080 (http)
2026-04-12T16:59:10.866-03:00  INFO 12284 --- [garbage-reporting-service] [           main] o.apache.catalina.core.StandardService   : Starting service [Tomcat]
2026-04-12T16:59:10.867-03:00  INFO 12284 --- [garbage-reporting-service] [           main] o.apache.catalina.core.StandardEngine    : Starting Servlet engine: [Apache Tomcat/11.0.20]
2026-04-12T16:59:10.992-03:00  INFO 12284 --- [garbage-reporting-service] [           main] b.w.c.s.WebApplicationContextInitializer : Root WebApplicationContext: initialization completed in 3317 ms
2026-04-12T16:59:11.647-03:00  INFO 12284 --- [garbage-reporting-service] [           main] org.mongodb.driver.client                : MongoClient with metadata {"driver": {"name": "mongo-java-driver|spring-boot|sync", "version": "5.6.4"}, "os": {"type": "Windows", "name": "Windows 11", "architecture": "amd64", "version": "10.0"}, "platform": "Java/Oracle Corporation/21.0.10+8-LTS-217"} created with settings MongoClientSettings{readPreference=primary, writeConcern=WriteConcern{w=null, wTimeout=null ms, journal=null}, retryWrites=true, retryReads=true, readConcern=ReadConcern{level=null}, credential=null, transportSettings=null, commandListeners=[], codecRegistry=ProvidersCodecRegistry{codecProviders=[ValueCodecProvider{}, BsonValueCodecProvider{}, DBRefCodecProvider{}, DBObjectCodecProvider{}, DocumentCodecProvider{}, CollectionCodecProvider{}, IterableCodecProvider{}, MapCodecProvider{}, GeoJsonCodecProvider{}, GridFSFileCodecProvider{}, Jsr310CodecProvider{}, JsonObjectCodecProvider{}, BsonCodecProvider{}, com.mongodb.client.model.mql.ExpressionCodecProvider@10bf1ec9, com.mongodb.Jep395RecordCodecProvider@33751d49, com.mongodb.KotlinCodecProvider@516195cf, EnumCodecProvider{}]}, loggerSettings=LoggerSettings{maxDocumentLength=1000}, clusterSettings={hosts=[localhost:27017], srvServiceName=mongodb, mode=SINGLE, requiredClusterType=UNKNOWN, requiredReplicaSetName='null', serverSelector='null', clusterListeners='[]', serverSelectionTimeout='30000 ms', localThreshold='15 ms'}, socketSettings=SocketSettings{connectTimeoutMS=10000, readTimeoutMS=0, receiveBufferSize=0, proxySettings=ProxySettings{host=null, port=null, username=null, password=null}}, heartbeatSocketSettings=SocketSettings{connectTimeoutMS=10000, readTimeoutMS=10000, receiveBufferSize=0, proxySettings=ProxySettings{host=null, port=null, username=null, password=null}}, connectionPoolSettings=ConnectionPoolSettings{maxSize=100, minSize=0, maxWaitTimeMS=120000, maxConnectionLifeTimeMS=0, maxConnectionIdleTimeMS=0, maintenanceInitialDelayMS=0, maintenanceFrequencyMS=60000, connectionPoolListeners=[], maxConnecting=2}, serverSettings=ServerSettings{heartbeatFrequencyMS=10000, minHeartbeatFrequencyMS=500, serverMonitoringMode=AUTO, serverListeners='[]', serverMonitorListeners='[]'}, sslSettings=SslSettings{enabled=false, invalidHostNameAllowed=false, context=null}, applicationName='null', compressorList=[], uuidRepresentation=UNSPECIFIED, serverApi=null, autoEncryptionSettings=null, dnsClient=null, inetAddressResolver=null, contextProvider=null, timeoutMS=null}
2026-04-12T16:59:11.692-03:00  INFO 12284 --- [garbage-reporting-service] [localhost:27017] org.mongodb.driver.cluster               : Monitor thread successfully connected to server with description ServerDescription{address=localhost:27017, type=STANDALONE, cryptd=false, state=CONNECTED, ok=true, minWireVersion=0, maxWireVersion=21, maxDocumentSize=16777216, logicalSessionTimeoutMinutes=30, roundTripTimeNanos=38506800, minRoundTripTimeNanos=0}
2026-04-12T16:59:12.468-03:00  INFO 12284 --- [garbage-reporting-service] [           main] r$InitializeUserDetailsManagerConfigurer : Global AuthenticationManager configured with UserDetailsService bean with name mongoUserDetailsService
2026-04-12T16:59:15.959-03:00  INFO 12284 --- [garbage-reporting-service] [           main] o.s.boot.tomcat.TomcatWebServer          : Tomcat started on port 8080 (http) with context path '/'
2026-04-12T16:59:15.965-03:00  INFO 12284 --- [garbage-reporting-service] [           main] o.s.a.r.c.CachingConnectionFactory       : Attempting to connect to: [localhost:5672]
2026-04-12T16:59:16.115-03:00  INFO 12284 --- [garbage-reporting-service] [           main] o.s.a.r.c.CachingConnectionFactory       : Created new connection: rabbitConnectionFactory#25df2014:0/SimpleConnection@202d1424 [delegate=amqp://guest@127.0.0.1:5672/, localPort=56634]
2026-04-12T16:59:16.250-03:00  INFO 12284 --- [garbage-reporting-service] [           main] c.e.g.GarbageReportingApplication        : Started GarbageReportingApplication in 10.046 seconds (process running for 11.369)
2026-04-12T16:59:16.623-03:00  INFO 12284 --- [garbage-reporting-service] [           main] c.e.g.config.AdminUserSeeder             : Admin user refreshed with configured credentials for email=admin@ecoruta.local
2026-04-12T17:00:23.603-03:00  INFO 12284 --- [garbage-reporting-service] [nio-8080-exec-2] o.a.c.c.C.[Tomcat].[localhost].[/]       : Initializing Spring DispatcherServlet 'dispatcherServlet'
2026-04-12T17:00:23.604-03:00  INFO 12284 --- [garbage-reporting-service] [nio-8080-exec-2] o.s.web.servlet.DispatcherServlet        : Initializing Servlet 'dispatcherServlet'
2026-04-12T17:00:23.611-03:00  INFO 12284 --- [garbage-reporting-service] [nio-8080-exec-2] o.s.web.servlet.DispatcherServlet        : Completed initialization in 6 ms
2026-04-12T17:08:13.362-03:00  INFO 12284 --- [garbage-reporting-service] [nio-8080-exec-6] c.e.g.service.impl.RouteServiceImpl      : Route request scope=today validReports=5
2026-04-12T17:08:13.365-03:00  INFO 12284 --- [garbage-reporting-service] [nio-8080-exec-6] c.e.g.service.impl.RouteServiceImpl      : Route optimization scope=today waypointCount=5 waypoints=[RouteCoordinateDto(lat=-31.420083, lng=-64.188776), RouteCoordinateDto(lat=-31.420083, lng=-64.188776), RouteCoordinateDto(lat=-31.421853, lng=-64.182086), RouteCoordinateDto(lat=-31.419141, lng=-64.169769), RouteCoordinateDto(lat=-31.408448, lng=-64.183803)]
2026-04-12T17:08:13.383-03:00  INFO 12284 --- [garbage-reporting-service] [nio-8080-exec-6] c.e.g.s.impl.OsrmRoadRoutingService      : OSRM request provider=osrm waypointCount=5 payload=https://router.project-osrm.org/route/v1/driving/-64.188776,-31.420083;-64.188776,-31.420083;-64.182086,-31.421853;-64.169769,-31.419141;-64.183803,-31.408448?overview=full&geometries=geojson&steps=false
2026-04-12T17:08:14.664-03:00  INFO 12284 --- [garbage-reporting-service] [nio-8080-exec-6] c.e.g.s.impl.OsrmRoadRoutingService      : OSRM raw response={"code":"Ok","routes":[{"legs":[{"steps":[],"weight":0,"summary":"","duration":0,"distance":0},{"steps":[],"weight":127.7,"summary":"","duration":127.7,"distance":900.3},{"steps":[],"weight":298.8,"summary":"","duration":298.8,"distance":2423.4},{"steps":[],"weight":335,"summary":"","duration":335,"distance":2894.8}],"weight_name":"routability","geometry":{"coordinates":[[-64.188708,-31.420082],[-64.188708,-31.420082],[-64.188708,-31.420086],[-64.18871,-31.420127],[-64.188717,-31.420178],[-64.188727,-31.42023],[-64.188737,-31.420284],[-64.188734,-31.420338],[-64.188686,-31.420476],[-64.188602,-31.420666],[-64.188447,-31.420996],[-64.188216,-31.421509],[-64.188139,-31.421536],[-64.187971,-31.421596],[-64.187883,-31.421621],[-64.186582,-31.422025],[-64.185253,-31.422438],[-64.185197,-31.422455],[-64.183898,-31.422858],[-64.182631,-31.423252],[-64.182447,-31.422805],[-64.182417,-31.42273],[-64.182381,-31.422643],[-64.182244,-31.42231],[-64.182096,-31.421946],[-64.182055,-31.421848],[-64.182082,-31.421841],[-64.183332,-31.421513],[-64.183646,-31.421431],[-64.184303,-31.421259],[-64.184705,-31.421154],[-64.184491,-31.420636],[-64.184265,-31.420104],[-64.184136,-31.419798],[-64.184126,-31.419775],[-64.183666,-31.418688],[-64.183648,-31.418647],[-64.18233,-31.419045],[-64.182312,-31.419051],[-64.181115,-31.419413],[-64.181044,-31.419435],[-64.180966,-31.41946],[-64.180946,-31.419465],[-64.180482,-31.418341],[-64.180474,-31.418322],[-64.179989,-31.417196],[-64.178731,-31.417563],[-64.177442,-31.417938],[-64.176418,-31.418242],[-64.176092,-31.418339],[-64.176043,-31.418567],[-64.175681,-31.418546],[-64.175453,-31.418519],[-64.175356,-31.418508],[-64.175318,-31.418503],[-64.175277,-31.418498],[-64.175043,-31.418475],[-64.174945,-31.418467],[-64.174766,-31.418473],[-64.174675,-31.41849],[-64.174541,-31.418536],[-64.174429,-31.418561],[-64.174371,-31.418558],[-64.174318,-31.418544],[-64.174261,-31.418539],[-64.173646,-31.418453],[-64.173588,-31.418448],[-64.173508,-31.418415],[-64.173417,-31.418377],[-64.173211,-31.418274],[-64.172625,-31.417982],[-64.172498,-31.41788],[-64.172427,-31.417796],[-64.172362,-31.417972],[-64.172035,-31.418849],[-64.171933,-31.419136],[-64.171764,-31.419611],[-64.171555,-31.420193],[-64.171544,-31.420214],[-64.171526,-31.420233],[-64.171474,-31.420241],[-64.170779,-31.42029],[-64.170746,-31.420173],[-64.170627,-31.419765],[-64.170494,-31.419232],[-64.169836,-31.419371],[-64.169493,-31.419444],[-64.16962,-31.419959],[-64.170627,-31.419765],[-64.170494,-31.419232],[-64.170363,-31.418712],[-64.170115,-31.417644],[-64.170012,-31.4172],[-64.170005,-31.417131],[-64.170385,-31.416104],[-64.170425,-31.416115],[-64.171602,-31.416442],[-64.172804,-31.416776],[-64.173174,-31.415806],[-64.173183,-31.415781],[-64.173201,-31.415733],[-64.173225,-31.415653],[-64.173232,-31.415629],[-64.17327,-31.415516],[-64.173579,-31.414623],[-64.173605,-31.414529],[-64.173615,-31.414453],[-64.173654,-31.413511],[-64.17366,-31.413187],[-64.173634,-31.413054],[-64.173513,-31.412641],[-64.173488,-31.412535],[-64.173492,-31.412464],[-64.1735,-31.412425],[-64.173545,-31.412373],[-64.173614,-31.412389],[-64.173793,-31.412409],[-64.173999,-31.412403],[-64.174162,-31.412382],[-64.174325,-31.412345],[-64.17514,-31.412102],[-64.175289,-31.41206],[-64.175322,-31.410785],[-64.17534,-31.410167],[-64.175369,-31.409806],[-64.175381,-31.409678],[-64.175399,-31.409567],[-64.17541,-31.409501],[-64.175426,-31.409421],[-64.175446,-31.409334],[-64.175475,-31.409241],[-64.175509,-31.409158],[-64.175567,-31.409047],[-64.17564,-31.408932],[-64.175706,-31.408844],[-64.175778,-31.40875],[-64.175872,-31.408645],[-64.176007,-31.408498],[-64.176157,-31.408346],[-64.176286,-31.408226],[-64.176389,-31.408131],[-64.176494,-31.408041],[-64.176623,-31.40794],[-64.176705,-31.407879],[-64.17677,-31.407829],[-64.176886,-31.407747],[-64.177037,-31.407642],[-64.177306,-31.407461],[-64.177415,-31.407379],[-64.17751,-31.407317],[-64.177787,-31.407161],[-64.178057,-31.407009],[-64.178307,-31.406867],[-64.178602,-31.406715],[-64.178777,-31.40663],[-64.178911,-31.406575],[-64.179084,-31.406512],[-64.179264,-31.406453],[-64.17945,-31.406403],[-64.179636,-31.406357],[-64.179939,-31.406291],[-64.180083,-31.406266],[-64.180207,-31.406255],[-64.180372,-31.406246],[-64.180498,-31.406249],[-64.180712,-31.406258],[-64.18091,-31.406268],[-64.181098,-31.406277],[-64.181286,-31.406288],[-64.181463,-31.406307],[-64.181582,-31.406323],[-64.181673,-31.40634],[-64.181779,-31.40637],[-64.181914,-31.406412],[-64.182061,-31.406469],[-64.18221,-31.406533],[-64.182417,-31.406621],[-64.182621,-31.406708],[-64.182813,-31.406796],[-64.183038,-31.406889],[-64.183151,-31.406925],[-64.183262,-31.406951],[-64.183339,-31.40717],[-64.183389,-31.407298],[-64.183645,-31.407908],[-64.183726,-31.408102],[-64.183788,-31.408253],[-64.183863,-31.408429]],"type":"LineString"},"weight":761.5,"duration":761.5,"distance":6218.5}],"waypoints":[{"hint":"jCPrh____38CAAAAAwAAAAAAAAAPAAAA0W2xQGAT4z4AAAAALSbhQQIAAAADAAAAAAAAAA8AAAC2kAAA3I4s_E6RIP6Yjiz8TZEg_gAAPwsAAAAA","location":[-64.188708,-31.420082],"name":"Avenida Vélez Sarsfield","distance":6.46625978},{"hint":"jCPrh____38CAAAAAwAAAAAAAAAPAAAA0W2xQGAT4z4AAAAALSbhQQIAAAADAAAAAAAAAA8AAAC2kAAA3I4s_E6RIP6Yjiz8TZEg_gAAPwsAAAAA","location":[-64.188708,-31.420082],"name":"Avenida Vélez Sarsfield","distance":6.46625978},{"hint":"-6h3hv___38CAAAAjwAAAAAAAAAAAAAAx6MrQCOT-EIAAAAAAAAAAAIAAACPAAAAAAAAAAAAAAC2kAAAvqgs_G-KIP66qCz8Y4og_gAA_xEAAAAA","location":[-64.182082,-31.421841],"name":"Boulevard Arturo Illia","distance":1.383808187},{"hint":"IN5jg____39IAAAAbgAAAAAAAAAAAAAAD92AQqNnBkIAAAAAAAAAAEgAAABuAAAAAAAAAAAAAAC2kAAAlNgs_BWUIP7X2Cz8-5Qg_gAAfwYAAAAA","location":[-64.169836,-31.419371],"name":"Pasaje Laurencena","distance":26.28525599},{"hint":"8r9Ng____38XAAAAMgAAAAAAAAAAAAAAAzamQSIUvUEAAAAAAAAAABcAAAAyAAAAAAAAAAAAAAC2kAAAyaEs_NO-IP4Foiz8wL4g_gAAjwwAAAAA","location":[-64.183863,-31.408429],"name":"Avenida General Paz","distance":6.081236563}]}
2026-04-12T17:08:14.855-03:00  INFO 12284 --- [garbage-reporting-service] [nio-8080-exec-6] c.e.g.s.impl.OsrmRoadRoutingService      : OSRM parsed geometryPoints=188 firstGeometryPoint=RouteCoordinateDto(lat=-31.420082, lng=-64.188708) lastGeometryPoint=RouteCoordinateDto(lat=-31.408429, lng=-64.183863) distanceMeters=6218.5
2026-04-12T17:08:14.856-03:00  INFO 12284 --- [garbage-reporting-service] [nio-8080-exec-6] c.e.g.service.impl.RouteServiceImpl      : Route routing scope=today status=success provider=osrm geometryPoints=188 firstGeometryPoint=RouteCoordinateDto(lat=-31.420082, lng=-64.188708) lastGeometryPoint=RouteCoordinateDto(lat=-31.408429, lng=-64.183863) totalDistanceKm=6.2185
2026-04-12T17:37:30.971-03:00 ERROR 12284 --- [garbage-reporting-service] [io-8080-exec-10] c.e.g.exception.GlobalExceptionHandler   : Unhandled exception at path=/uploads/e65b9fc7-c699-4893-9caa-d12c6653f1b4.jpg

org.springframework.web.servlet.resource.NoResourceFoundException: No static resource uploads/e65b9fc7-c699-4893-9caa-d12c6653f1b4.jpg for request '/uploads/e65b9fc7-c699-4893-9caa-d12c6653f1b4.jpg'.
	at org.springframework.web.servlet.resource.ResourceHttpRequestHandler.handleRequest(ResourceHttpRequestHandler.java:527) ~[spring-webmvc-7.0.6.jar:7.0.6]
	at org.springframework.web.servlet.mvc.HttpRequestHandlerAdapter.handle(HttpRequestHandlerAdapter.java:50) ~[spring-webmvc-7.0.6.jar:7.0.6]
	at org.springframework.web.servlet.DispatcherServlet.doDispatch(DispatcherServlet.java:963) ~[spring-webmvc-7.0.6.jar:7.0.6]
	at org.springframework.web.servlet.DispatcherServlet.doService(DispatcherServlet.java:866) ~[spring-webmvc-7.0.6.jar:7.0.6]
	at org.springframework.web.servlet.FrameworkServlet.processRequest(FrameworkServlet.java:1000) ~[spring-webmvc-7.0.6.jar:7.0.6]
	at org.springframework.web.servlet.FrameworkServlet.doGet(FrameworkServlet.java:892) ~[spring-webmvc-7.0.6.jar:7.0.6]
	at jakarta.servlet.http.HttpServlet.service(HttpServlet.java:622) ~[tomcat-embed-core-11.0.20.jar:6.1]
	at org.springframework.web.servlet.FrameworkServlet.service(FrameworkServlet.java:874) ~[spring-webmvc-7.0.6.jar:7.0.6]
	at jakarta.servlet.http.HttpServlet.service(HttpServlet.java:710) ~[tomcat-embed-core-11.0.20.jar:6.1]
	at org.apache.catalina.core.ApplicationFilterChain.doFilter(ApplicationFilterChain.java:128) ~[tomcat-embed-core-11.0.20.jar:11.0.20]
	at org.apache.tomcat.websocket.server.WsFilter.doFilter(WsFilter.java:53) ~[tomcat-embed-websocket-11.0.20.jar:11.0.20]
	at org.apache.catalina.core.ApplicationFilterChain.doFilter(ApplicationFilterChain.java:107) ~[tomcat-embed-core-11.0.20.jar:11.0.20]
	at org.springframework.web.filter.CompositeFilter$VirtualFilterChain.doFilter(CompositeFilter.java:108) ~[spring-web-7.0.6.jar:7.0.6]
	at org.springframework.security.web.FilterChainProxy.lambda$doFilterInternal$3(FilterChainProxy.java:235) ~[spring-security-web-7.0.4.jar:7.0.4]
	at org.springframework.security.web.FilterChainProxy$VirtualFilterChain.doFilter(FilterChainProxy.java:371) ~[spring-security-web-7.0.4.jar:7.0.4]
	at org.springframework.security.web.access.intercept.AuthorizationFilter.doFilter(AuthorizationFilter.java:101) ~[spring-security-web-7.0.4.jar:7.0.4]
	at org.springframework.security.web.FilterChainProxy$VirtualFilterChain.doFilter(FilterChainProxy.java:380) ~[spring-security-web-7.0.4.jar:7.0.4]
	at org.springframework.security.web.access.ExceptionTranslationFilter.doFilter(ExceptionTranslationFilter.java:126) ~[spring-security-web-7.0.4.jar:7.0.4]
	at org.springframework.security.web.access.ExceptionTranslationFilter.doFilter(ExceptionTranslationFilter.java:120) ~[spring-security-web-7.0.4.jar:7.0.4]
	at org.springframework.security.web.FilterChainProxy$VirtualFilterChain.doFilter(FilterChainProxy.java:380) ~[spring-security-web-7.0.4.jar:7.0.4]
	at org.springframework.security.web.session.SessionManagementFilter.doFilter(SessionManagementFilter.java:132) ~[spring-security-web-7.0.4.jar:7.0.4]
	at org.springframework.security.web.session.SessionManagementFilter.doFilter(SessionManagementFilter.java:86) ~[spring-security-web-7.0.4.jar:7.0.4]
	at org.springframework.security.web.FilterChainProxy$VirtualFilterChain.doFilter(FilterChainProxy.java:380) ~[spring-security-web-7.0.4.jar:7.0.4]
	at org.springframework.security.web.authentication.AnonymousAuthenticationFilter.doFilter(AnonymousAuthenticationFilter.java:100) ~[spring-security-web-7.0.4.jar:7.0.4]
	at org.springframework.security.web.FilterChainProxy$VirtualFilterChain.doFilter(FilterChainProxy.java:380) ~[spring-security-web-7.0.4.jar:7.0.4]
	at org.springframework.security.web.servletapi.SecurityContextHolderAwareRequestFilter.doFilter(SecurityContextHolderAwareRequestFilter.java:181) ~[spring-security-web-7.0.4.jar:7.0.4]
	at org.springframework.security.web.FilterChainProxy$VirtualFilterChain.doFilter(FilterChainProxy.java:380) ~[spring-security-web-7.0.4.jar:7.0.4]
	at org.springframework.security.web.savedrequest.RequestCacheAwareFilter.doFilter(RequestCacheAwareFilter.java:63) ~[spring-security-web-7.0.4.jar:7.0.4]
	at org.springframework.security.web.FilterChainProxy$VirtualFilterChain.doFilter(FilterChainProxy.java:380) ~[spring-security-web-7.0.4.jar:7.0.4]
	at org.springframework.security.web.authentication.AuthenticationFilter.doFilterInternal(AuthenticationFilter.java:194) ~[spring-security-web-7.0.4.jar:7.0.4]
	at org.springframework.web.filter.OncePerRequestFilter.doFilter(OncePerRequestFilter.java:116) ~[spring-web-7.0.6.jar:7.0.6]
	at org.springframework.security.web.FilterChainProxy$VirtualFilterChain.doFilter(FilterChainProxy.java:380) ~[spring-security-web-7.0.4.jar:7.0.4]
	at org.springframework.security.oauth2.server.resource.web.authentication.BearerTokenAuthenticationFilter.doFilterInternal(BearerTokenAuthenticationFilter.java:174) ~[spring-security-oauth2-resource-server-7.0.4.jar:7.0.4]
	at org.springframework.web.filter.OncePerRequestFilter.doFilter(OncePerRequestFilter.java:116) ~[spring-web-7.0.6.jar:7.0.6]
	at org.springframework.security.web.FilterChainProxy$VirtualFilterChain.doFilter(FilterChainProxy.java:380) ~[spring-security-web-7.0.4.jar:7.0.4]
	at org.springframework.security.oauth2.server.resource.web.OAuth2ProtectedResourceMetadataFilter.doFilterInternal(OAuth2ProtectedResourceMetadataFilter.java:97) ~[spring-security-oauth2-resource-server-7.0.4.jar:7.0.4]
	at org.springframework.web.filter.OncePerRequestFilter.doFilter(OncePerRequestFilter.java:116) ~[spring-web-7.0.6.jar:7.0.6]
	at org.springframework.security.web.FilterChainProxy$VirtualFilterChain.doFilter(FilterChainProxy.java:380) ~[spring-security-web-7.0.4.jar:7.0.4]
	at org.springframework.security.web.authentication.logout.LogoutFilter.doFilter(LogoutFilter.java:110) ~[spring-security-web-7.0.4.jar:7.0.4]
	at org.springframework.security.web.authentication.logout.LogoutFilter.doFilter(LogoutFilter.java:96) ~[spring-security-web-7.0.4.jar:7.0.4]
	at org.springframework.security.web.FilterChainProxy$VirtualFilterChain.doFilter(FilterChainProxy.java:380) ~[spring-security-web-7.0.4.jar:7.0.4]
	at org.springframework.web.filter.CorsFilter.doFilterInternal(CorsFilter.java:91) ~[spring-web-7.0.6.jar:7.0.6]
	at org.springframework.web.filter.OncePerRequestFilter.doFilter(OncePerRequestFilter.java:116) ~[spring-web-7.0.6.jar:7.0.6]
	at org.springframework.security.web.FilterChainProxy$VirtualFilterChain.doFilter(FilterChainProxy.java:380) ~[spring-security-web-7.0.4.jar:7.0.4]
	at org.springframework.security.web.header.HeaderWriterFilter.doHeadersAfter(HeaderWriterFilter.java:90) ~[spring-security-web-7.0.4.jar:7.0.4]
	at org.springframework.security.web.header.HeaderWriterFilter.doFilterInternal(HeaderWriterFilter.java:75) ~[spring-security-web-7.0.4.jar:7.0.4]
	at org.springframework.web.filter.OncePerRequestFilter.doFilter(OncePerRequestFilter.java:116) ~[spring-web-7.0.6.jar:7.0.6]
	at org.springframework.security.web.FilterChainProxy$VirtualFilterChain.doFilter(FilterChainProxy.java:380) ~[spring-security-web-7.0.4.jar:7.0.4]
	at org.springframework.security.web.context.SecurityContextHolderFilter.doFilter(SecurityContextHolderFilter.java:82) ~[spring-security-web-7.0.4.jar:7.0.4]
	at org.springframework.security.web.context.SecurityContextHolderFilter.doFilter(SecurityContextHolderFilter.java:69) ~[spring-security-web-7.0.4.jar:7.0.4]
	at org.springframework.security.web.FilterChainProxy$VirtualFilterChain.doFilter(FilterChainProxy.java:380) ~[spring-security-web-7.0.4.jar:7.0.4]
	at org.springframework.security.web.context.request.async.WebAsyncManagerIntegrationFilter.doFilterInternal(WebAsyncManagerIntegrationFilter.java:62) ~[spring-security-web-7.0.4.jar:7.0.4]
	at org.springframework.web.filter.OncePerRequestFilter.doFilter(OncePerRequestFilter.java:116) ~[spring-web-7.0.6.jar:7.0.6]
	at org.springframework.security.web.FilterChainProxy$VirtualFilterChain.doFilter(FilterChainProxy.java:380) ~[spring-security-web-7.0.4.jar:7.0.4]
	at org.springframework.security.web.session.DisableEncodeUrlFilter.doFilterInternal(DisableEncodeUrlFilter.java:42) ~[spring-security-web-7.0.4.jar:7.0.4]
	at org.springframework.web.filter.OncePerRequestFilter.doFilter(OncePerRequestFilter.java:116) ~[spring-web-7.0.6.jar:7.0.6]
	at org.springframework.security.web.FilterChainProxy$VirtualFilterChain.doFilter(FilterChainProxy.java:380) ~[spring-security-web-7.0.4.jar:7.0.4]
	at org.springframework.security.web.FilterChainProxy.doFilterInternal(FilterChainProxy.java:237) ~[spring-security-web-7.0.4.jar:7.0.4]
	at org.springframework.security.web.FilterChainProxy.doFilter(FilterChainProxy.java:195) ~[spring-security-web-7.0.4.jar:7.0.4]
	at org.springframework.web.filter.CompositeFilter$VirtualFilterChain.doFilter(CompositeFilter.java:113) ~[spring-web-7.0.6.jar:7.0.6]
	at org.springframework.web.filter.ServletRequestPathFilter.doFilter(ServletRequestPathFilter.java:52) ~[spring-web-7.0.6.jar:7.0.6]
	at org.springframework.web.filter.CompositeFilter$VirtualFilterChain.doFilter(CompositeFilter.java:113) ~[spring-web-7.0.6.jar:7.0.6]
	at org.springframework.web.filter.CompositeFilter.doFilter(CompositeFilter.java:74) ~[spring-web-7.0.6.jar:7.0.6]
	at org.springframework.security.config.annotation.web.configuration.WebSecurityConfiguration$CompositeFilterChainProxy.doFilter(WebSecurityConfiguration.java:317) ~[spring-security-config-7.0.4.jar:7.0.4]
	at org.springframework.web.filter.DelegatingFilterProxy.invokeDelegate(DelegatingFilterProxy.java:355) ~[spring-web-7.0.6.jar:7.0.6]
	at org.springframework.web.filter.DelegatingFilterProxy.doFilter(DelegatingFilterProxy.java:272) ~[spring-web-7.0.6.jar:7.0.6]
	at org.apache.catalina.core.ApplicationFilterChain.doFilter(ApplicationFilterChain.java:107) ~[tomcat-embed-core-11.0.20.jar:11.0.20]
	at org.springframework.web.filter.RequestContextFilter.doFilterInternal(RequestContextFilter.java:100) ~[spring-web-7.0.6.jar:7.0.6]
	at org.springframework.web.filter.OncePerRequestFilter.doFilter(OncePerRequestFilter.java:116) ~[spring-web-7.0.6.jar:7.0.6]
	at org.apache.catalina.core.ApplicationFilterChain.doFilter(ApplicationFilterChain.java:107) ~[tomcat-embed-core-11.0.20.jar:11.0.20]
	at org.springframework.web.filter.FormContentFilter.doFilterInternal(FormContentFilter.java:93) ~[spring-web-7.0.6.jar:7.0.6]
	at org.springframework.web.filter.OncePerRequestFilter.doFilter(OncePerRequestFilter.java:116) ~[spring-web-7.0.6.jar:7.0.6]
	at org.apache.catalina.core.ApplicationFilterChain.doFilter(ApplicationFilterChain.java:107) ~[tomcat-embed-core-11.0.20.jar:11.0.20]
	at org.springframework.web.filter.CharacterEncodingFilter.doFilterInternal(CharacterEncodingFilter.java:199) ~[spring-web-7.0.6.jar:7.0.6]
	at org.springframework.web.filter.OncePerRequestFilter.doFilter(OncePerRequestFilter.java:116) ~[spring-web-7.0.6.jar:7.0.6]
	at org.apache.catalina.core.ApplicationFilterChain.doFilter(ApplicationFilterChain.java:107) ~[tomcat-embed-core-11.0.20.jar:11.0.20]
	at org.apache.catalina.core.StandardWrapperValve.invoke(StandardWrapperValve.java:165) ~[tomcat-embed-core-11.0.20.jar:11.0.20]
	at org.apache.catalina.core.StandardContextValve.invoke(StandardContextValve.java:77) ~[tomcat-embed-core-11.0.20.jar:11.0.20]
	at org.apache.catalina.authenticator.AuthenticatorBase.invoke(AuthenticatorBase.java:492) ~[tomcat-embed-core-11.0.20.jar:11.0.20]
	at org.apache.catalina.core.StandardHostValve.invoke(StandardHostValve.java:113) ~[tomcat-embed-core-11.0.20.jar:11.0.20]
	at org.apache.catalina.valves.ErrorReportValve.invoke(ErrorReportValve.java:83) ~[tomcat-embed-core-11.0.20.jar:11.0.20]
	at org.apache.catalina.core.StandardEngineValve.invoke(StandardEngineValve.java:72) ~[tomcat-embed-core-11.0.20.jar:11.0.20]
	at org.apache.catalina.connector.CoyoteAdapter.service(CoyoteAdapter.java:341) ~[tomcat-embed-core-11.0.20.jar:11.0.20]
	at org.apache.coyote.http11.Http11Processor.service(Http11Processor.java:397) ~[tomcat-embed-core-11.0.20.jar:11.0.20]
	at org.apache.coyote.AbstractProcessorLight.process(AbstractProcessorLight.java:63) ~[tomcat-embed-core-11.0.20.jar:11.0.20]
	at org.apache.coyote.AbstractProtocol$ConnectionHandler.process(AbstractProtocol.java:903) ~[tomcat-embed-core-11.0.20.jar:11.0.20]
	at org.apache.tomcat.util.net.NioEndpoint$SocketProcessor.doRun(NioEndpoint.java:1779) ~[tomcat-embed-core-11.0.20.jar:11.0.20]
	at org.apache.tomcat.util.net.SocketProcessorBase.run(SocketProcessorBase.java:52) ~[tomcat-embed-core-11.0.20.jar:11.0.20]
	at org.apache.tomcat.util.threads.ThreadPoolExecutor.runWorker(ThreadPoolExecutor.java:946) ~[tomcat-embed-core-11.0.20.jar:11.0.20]
	at org.apache.tomcat.util.threads.ThreadPoolExecutor$Worker.run(ThreadPoolExecutor.java:480) ~[tomcat-embed-core-11.0.20.jar:11.0.20]
	at org.apache.tomcat.util.threads.TaskThread$WrappingRunnable.run(TaskThread.java:57) ~[tomcat-embed-core-11.0.20.jar:11.0.20]
	at java.base/java.lang.Thread.run(Thread.java:1583) ~[na:na]

2026-04-12T17:39:52.384-03:00  INFO 12284 --- [garbage-reporting-service] [nio-8080-exec-5] c.e.g.service.impl.RouteServiceImpl      : Route request scope=today validReports=5
2026-04-12T17:39:52.385-03:00  INFO 12284 --- [garbage-reporting-service] [nio-8080-exec-5] c.e.g.service.impl.RouteServiceImpl      : Route optimization scope=today waypointCount=5 waypoints=[RouteCoordinateDto(lat=-31.420083, lng=-64.188776), RouteCoordinateDto(lat=-31.420083, lng=-64.188776), RouteCoordinateDto(lat=-31.421853, lng=-64.182086), RouteCoordinateDto(lat=-31.419141, lng=-64.169769), RouteCoordinateDto(lat=-31.408448, lng=-64.183803)]
2026-04-12T17:39:52.388-03:00  INFO 12284 --- [garbage-reporting-service] [nio-8080-exec-5] c.e.g.s.impl.OsrmRoadRoutingService      : OSRM request provider=osrm waypointCount=5 payload=https://router.project-osrm.org/route/v1/driving/-64.188776,-31.420083;-64.188776,-31.420083;-64.182086,-31.421853;-64.169769,-31.419141;-64.183803,-31.408448?overview=full&geometries=geojson&steps=false
2026-04-12T17:39:53.913-03:00  INFO 12284 --- [garbage-reporting-service] [nio-8080-exec-5] c.e.g.s.impl.OsrmRoadRoutingService      : OSRM raw response={"code":"Ok","routes":[{"legs":[{"steps":[],"weight":0,"summary":"","duration":0,"distance":0},{"steps":[],"weight":127.7,"summary":"","duration":127.7,"distance":900.3},{"steps":[],"weight":298.8,"summary":"","duration":298.8,"distance":2423.4},{"steps":[],"weight":335,"summary":"","duration":335,"distance":2894.8}],"weight_name":"routability","geometry":{"coordinates":[[-64.188708,-31.420082],[-64.188708,-31.420082],[-64.188708,-31.420086],[-64.18871,-31.420127],[-64.188717,-31.420178],[-64.188727,-31.42023],[-64.188737,-31.420284],[-64.188734,-31.420338],[-64.188686,-31.420476],[-64.188602,-31.420666],[-64.188447,-31.420996],[-64.188216,-31.421509],[-64.188139,-31.421536],[-64.187971,-31.421596],[-64.187883,-31.421621],[-64.186582,-31.422025],[-64.185253,-31.422438],[-64.185197,-31.422455],[-64.183898,-31.422858],[-64.182631,-31.423252],[-64.182447,-31.422805],[-64.182417,-31.42273],[-64.182381,-31.422643],[-64.182244,-31.42231],[-64.182096,-31.421946],[-64.182055,-31.421848],[-64.182082,-31.421841],[-64.183332,-31.421513],[-64.183646,-31.421431],[-64.184303,-31.421259],[-64.184705,-31.421154],[-64.184491,-31.420636],[-64.184265,-31.420104],[-64.184136,-31.419798],[-64.184126,-31.419775],[-64.183666,-31.418688],[-64.183648,-31.418647],[-64.18233,-31.419045],[-64.182312,-31.419051],[-64.181115,-31.419413],[-64.181044,-31.419435],[-64.180966,-31.41946],[-64.180946,-31.419465],[-64.180482,-31.418341],[-64.180474,-31.418322],[-64.179989,-31.417196],[-64.178731,-31.417563],[-64.177442,-31.417938],[-64.176418,-31.418242],[-64.176092,-31.418339],[-64.176043,-31.418567],[-64.175681,-31.418546],[-64.175453,-31.418519],[-64.175356,-31.418508],[-64.175318,-31.418503],[-64.175277,-31.418498],[-64.175043,-31.418475],[-64.174945,-31.418467],[-64.174766,-31.418473],[-64.174675,-31.41849],[-64.174541,-31.418536],[-64.174429,-31.418561],[-64.174371,-31.418558],[-64.174318,-31.418544],[-64.174261,-31.418539],[-64.173646,-31.418453],[-64.173588,-31.418448],[-64.173508,-31.418415],[-64.173417,-31.418377],[-64.173211,-31.418274],[-64.172625,-31.417982],[-64.172498,-31.41788],[-64.172427,-31.417796],[-64.172362,-31.417972],[-64.172035,-31.418849],[-64.171933,-31.419136],[-64.171764,-31.419611],[-64.171555,-31.420193],[-64.171544,-31.420214],[-64.171526,-31.420233],[-64.171474,-31.420241],[-64.170779,-31.42029],[-64.170746,-31.420173],[-64.170627,-31.419765],[-64.170494,-31.419232],[-64.169836,-31.419371],[-64.169493,-31.419444],[-64.16962,-31.419959],[-64.170627,-31.419765],[-64.170494,-31.419232],[-64.170363,-31.418712],[-64.170115,-31.417644],[-64.170012,-31.4172],[-64.170005,-31.417131],[-64.170385,-31.416104],[-64.170425,-31.416115],[-64.171602,-31.416442],[-64.172804,-31.416776],[-64.173174,-31.415806],[-64.173183,-31.415781],[-64.173201,-31.415733],[-64.173225,-31.415653],[-64.173232,-31.415629],[-64.17327,-31.415516],[-64.173579,-31.414623],[-64.173605,-31.414529],[-64.173615,-31.414453],[-64.173654,-31.413511],[-64.17366,-31.413187],[-64.173634,-31.413054],[-64.173513,-31.412641],[-64.173488,-31.412535],[-64.173492,-31.412464],[-64.1735,-31.412425],[-64.173545,-31.412373],[-64.173614,-31.412389],[-64.173793,-31.412409],[-64.173999,-31.412403],[-64.174162,-31.412382],[-64.174325,-31.412345],[-64.17514,-31.412102],[-64.175289,-31.41206],[-64.175322,-31.410785],[-64.17534,-31.410167],[-64.175369,-31.409806],[-64.175381,-31.409678],[-64.175399,-31.409567],[-64.17541,-31.409501],[-64.175426,-31.409421],[-64.175446,-31.409334],[-64.175475,-31.409241],[-64.175509,-31.409158],[-64.175567,-31.409047],[-64.17564,-31.408932],[-64.175706,-31.408844],[-64.175778,-31.40875],[-64.175872,-31.408645],[-64.176007,-31.408498],[-64.176157,-31.408346],[-64.176286,-31.408226],[-64.176389,-31.408131],[-64.176494,-31.408041],[-64.176623,-31.40794],[-64.176705,-31.407879],[-64.17677,-31.407829],[-64.176886,-31.407747],[-64.177037,-31.407642],[-64.177306,-31.407461],[-64.177415,-31.407379],[-64.17751,-31.407317],[-64.177787,-31.407161],[-64.178057,-31.407009],[-64.178307,-31.406867],[-64.178602,-31.406715],[-64.178777,-31.40663],[-64.178911,-31.406575],[-64.179084,-31.406512],[-64.179264,-31.406453],[-64.17945,-31.406403],[-64.179636,-31.406357],[-64.179939,-31.406291],[-64.180083,-31.406266],[-64.180207,-31.406255],[-64.180372,-31.406246],[-64.180498,-31.406249],[-64.180712,-31.406258],[-64.18091,-31.406268],[-64.181098,-31.406277],[-64.181286,-31.406288],[-64.181463,-31.406307],[-64.181582,-31.406323],[-64.181673,-31.40634],[-64.181779,-31.40637],[-64.181914,-31.406412],[-64.182061,-31.406469],[-64.18221,-31.406533],[-64.182417,-31.406621],[-64.182621,-31.406708],[-64.182813,-31.406796],[-64.183038,-31.406889],[-64.183151,-31.406925],[-64.183262,-31.406951],[-64.183339,-31.40717],[-64.183389,-31.407298],[-64.183645,-31.407908],[-64.183726,-31.408102],[-64.183788,-31.408253],[-64.183863,-31.408429]],"type":"LineString"},"weight":761.5,"duration":761.5,"distance":6218.5}],"waypoints":[{"hint":"jCPrh____38CAAAAAwAAAAAAAAAPAAAA0W2xQGAT4z4AAAAALSbhQQIAAAADAAAAAAAAAA8AAAC2kAAA3I4s_E6RIP6Yjiz8TZEg_gAAPwsAAAAA","location":[-64.188708,-31.420082],"name":"Avenida Vélez Sarsfield","distance":6.46625978},{"hint":"jCPrh____38CAAAAAwAAAAAAAAAPAAAA0W2xQGAT4z4AAAAALSbhQQIAAAADAAAAAAAAAA8AAAC2kAAA3I4s_E6RIP6Yjiz8TZEg_gAAPwsAAAAA","location":[-64.188708,-31.420082],"name":"Avenida Vélez Sarsfield","distance":6.46625978},{"hint":"-6h3hv___38CAAAAjwAAAAAAAAAAAAAAx6MrQCOT-EIAAAAAAAAAAAIAAACPAAAAAAAAAAAAAAC2kAAAvqgs_G-KIP66qCz8Y4og_gAA_xEAAAAA","location":[-64.182082,-31.421841],"name":"Boulevard Arturo Illia","distance":1.383808187},{"hint":"IN5jg____39IAAAAbgAAAAAAAAAAAAAAD92AQqNnBkIAAAAAAAAAAEgAAABuAAAAAAAAAAAAAAC2kAAAlNgs_BWUIP7X2Cz8-5Qg_gAAfwYAAAAA","location":[-64.169836,-31.419371],"name":"Pasaje Laurencena","distance":26.28525599},{"hint":"8r9Ng____38XAAAAMgAAAAAAAAAAAAAAAzamQSIUvUEAAAAAAAAAABcAAAAyAAAAAAAAAAAAAAC2kAAAyaEs_NO-IP4Foiz8wL4g_gAAjwwAAAAA","location":[-64.183863,-31.408429],"name":"Avenida General Paz","distance":6.081236563}]}
2026-04-12T17:39:53.919-03:00  INFO 12284 --- [garbage-reporting-service] [nio-8080-exec-5] c.e.g.s.impl.OsrmRoadRoutingService      : OSRM parsed geometryPoints=188 firstGeometryPoint=RouteCoordinateDto(lat=-31.420082, lng=-64.188708) lastGeometryPoint=RouteCoordinateDto(lat=-31.408429, lng=-64.183863) distanceMeters=6218.5
2026-04-12T17:39:53.920-03:00  INFO 12284 --- [garbage-reporting-service] [nio-8080-exec-5] c.e.g.service.impl.RouteServiceImpl      : Route routing scope=today status=success provider=osrm geometryPoints=188 firstGeometryPoint=RouteCoordinateDto(lat=-31.420082, lng=-64.188708) lastGeometryPoint=RouteCoordinateDto(lat=-31.408429, lng=-64.183863) totalDistanceKm=6.2185
2026-04-12T17:41:40.557-03:00 ERROR 12284 --- [garbage-reporting-service] [nio-8080-exec-8] c.e.g.exception.GlobalExceptionHandler   : Unhandled exception at path=/uploads/98353acf-6b12-48e0-a318-677c08f09e04.jpg

org.springframework.web.servlet.resource.NoResourceFoundException: No static resource uploads/98353acf-6b12-48e0-a318-677c08f09e04.jpg for request '/uploads/98353acf-6b12-48e0-a318-677c08f09e04.jpg'.
	at org.springframework.web.servlet.resource.ResourceHttpRequestHandler.handleRequest(ResourceHttpRequestHandler.java:527) ~[spring-webmvc-7.0.6.jar:7.0.6]
	at org.springframework.web.servlet.mvc.HttpRequestHandlerAdapter.handle(HttpRequestHandlerAdapter.java:50) ~[spring-webmvc-7.0.6.jar:7.0.6]
	at org.springframework.web.servlet.DispatcherServlet.doDispatch(DispatcherServlet.java:963) ~[spring-webmvc-7.0.6.jar:7.0.6]
	at org.springframework.web.servlet.DispatcherServlet.doService(DispatcherServlet.java:866) ~[spring-webmvc-7.0.6.jar:7.0.6]
	at org.springframework.web.servlet.FrameworkServlet.processRequest(FrameworkServlet.java:1000) ~[spring-webmvc-7.0.6.jar:7.0.6]
	at org.springframework.web.servlet.FrameworkServlet.doGet(FrameworkServlet.java:892) ~[spring-webmvc-7.0.6.jar:7.0.6]
	at jakarta.servlet.http.HttpServlet.service(HttpServlet.java:622) ~[tomcat-embed-core-11.0.20.jar:6.1]
	at org.springframework.web.servlet.FrameworkServlet.service(FrameworkServlet.java:874) ~[spring-webmvc-7.0.6.jar:7.0.6]
	at jakarta.servlet.http.HttpServlet.service(HttpServlet.java:710) ~[tomcat-embed-core-11.0.20.jar:6.1]
	at org.apache.catalina.core.ApplicationFilterChain.doFilter(ApplicationFilterChain.java:128) ~[tomcat-embed-core-11.0.20.jar:11.0.20]
	at org.apache.tomcat.websocket.server.WsFilter.doFilter(WsFilter.java:53) ~[tomcat-embed-websocket-11.0.20.jar:11.0.20]
	at org.apache.catalina.core.ApplicationFilterChain.doFilter(ApplicationFilterChain.java:107) ~[tomcat-embed-core-11.0.20.jar:11.0.20]
	at org.springframework.web.filter.CompositeFilter$VirtualFilterChain.doFilter(CompositeFilter.java:108) ~[spring-web-7.0.6.jar:7.0.6]
	at org.springframework.security.web.FilterChainProxy.lambda$doFilterInternal$3(FilterChainProxy.java:235) ~[spring-security-web-7.0.4.jar:7.0.4]
	at org.springframework.security.web.FilterChainProxy$VirtualFilterChain.doFilter(FilterChainProxy.java:371) ~[spring-security-web-7.0.4.jar:7.0.4]
	at org.springframework.security.web.access.intercept.AuthorizationFilter.doFilter(AuthorizationFilter.java:101) ~[spring-security-web-7.0.4.jar:7.0.4]
	at org.springframework.security.web.FilterChainProxy$VirtualFilterChain.doFilter(FilterChainProxy.java:380) ~[spring-security-web-7.0.4.jar:7.0.4]
	at org.springframework.security.web.access.ExceptionTranslationFilter.doFilter(ExceptionTranslationFilter.java:126) ~[spring-security-web-7.0.4.jar:7.0.4]
	at org.springframework.security.web.access.ExceptionTranslationFilter.doFilter(ExceptionTranslationFilter.java:120) ~[spring-security-web-7.0.4.jar:7.0.4]
	at org.springframework.security.web.FilterChainProxy$VirtualFilterChain.doFilter(FilterChainProxy.java:380) ~[spring-security-web-7.0.4.jar:7.0.4]
	at org.springframework.security.web.session.SessionManagementFilter.doFilter(SessionManagementFilter.java:132) ~[spring-security-web-7.0.4.jar:7.0.4]
	at org.springframework.security.web.session.SessionManagementFilter.doFilter(SessionManagementFilter.java:86) ~[spring-security-web-7.0.4.jar:7.0.4]
	at org.springframework.security.web.FilterChainProxy$VirtualFilterChain.doFilter(FilterChainProxy.java:380) ~[spring-security-web-7.0.4.jar:7.0.4]
	at org.springframework.security.web.authentication.AnonymousAuthenticationFilter.doFilter(AnonymousAuthenticationFilter.java:100) ~[spring-security-web-7.0.4.jar:7.0.4]
	at org.springframework.security.web.FilterChainProxy$VirtualFilterChain.doFilter(FilterChainProxy.java:380) ~[spring-security-web-7.0.4.jar:7.0.4]
	at org.springframework.security.web.servletapi.SecurityContextHolderAwareRequestFilter.doFilter(SecurityContextHolderAwareRequestFilter.java:181) ~[spring-security-web-7.0.4.jar:7.0.4]
	at org.springframework.security.web.FilterChainProxy$VirtualFilterChain.doFilter(FilterChainProxy.java:380) ~[spring-security-web-7.0.4.jar:7.0.4]
	at org.springframework.security.web.savedrequest.RequestCacheAwareFilter.doFilter(RequestCacheAwareFilter.java:63) ~[spring-security-web-7.0.4.jar:7.0.4]
	at org.springframework.security.web.FilterChainProxy$VirtualFilterChain.doFilter(FilterChainProxy.java:380) ~[spring-security-web-7.0.4.jar:7.0.4]
	at org.springframework.security.web.authentication.AuthenticationFilter.doFilterInternal(AuthenticationFilter.java:194) ~[spring-security-web-7.0.4.jar:7.0.4]
	at org.springframework.web.filter.OncePerRequestFilter.doFilter(OncePerRequestFilter.java:116) ~[spring-web-7.0.6.jar:7.0.6]
	at org.springframework.security.web.FilterChainProxy$VirtualFilterChain.doFilter(FilterChainProxy.java:380) ~[spring-security-web-7.0.4.jar:7.0.4]
	at org.springframework.security.oauth2.server.resource.web.authentication.BearerTokenAuthenticationFilter.doFilterInternal(BearerTokenAuthenticationFilter.java:174) ~[spring-security-oauth2-resource-server-7.0.4.jar:7.0.4]
	at org.springframework.web.filter.OncePerRequestFilter.doFilter(OncePerRequestFilter.java:116) ~[spring-web-7.0.6.jar:7.0.6]
	at org.springframework.security.web.FilterChainProxy$VirtualFilterChain.doFilter(FilterChainProxy.java:380) ~[spring-security-web-7.0.4.jar:7.0.4]
	at org.springframework.security.oauth2.server.resource.web.OAuth2ProtectedResourceMetadataFilter.doFilterInternal(OAuth2ProtectedResourceMetadataFilter.java:97) ~[spring-security-oauth2-resource-server-7.0.4.jar:7.0.4]
	at org.springframework.web.filter.OncePerRequestFilter.doFilter(OncePerRequestFilter.java:116) ~[spring-web-7.0.6.jar:7.0.6]
	at org.springframework.security.web.FilterChainProxy$VirtualFilterChain.doFilter(FilterChainProxy.java:380) ~[spring-security-web-7.0.4.jar:7.0.4]
	at org.springframework.security.web.authentication.logout.LogoutFilter.doFilter(LogoutFilter.java:110) ~[spring-security-web-7.0.4.jar:7.0.4]
	at org.springframework.security.web.authentication.logout.LogoutFilter.doFilter(LogoutFilter.java:96) ~[spring-security-web-7.0.4.jar:7.0.4]
	at org.springframework.security.web.FilterChainProxy$VirtualFilterChain.doFilter(FilterChainProxy.java:380) ~[spring-security-web-7.0.4.jar:7.0.4]
	at org.springframework.web.filter.CorsFilter.doFilterInternal(CorsFilter.java:91) ~[spring-web-7.0.6.jar:7.0.6]
	at org.springframework.web.filter.OncePerRequestFilter.doFilter(OncePerRequestFilter.java:116) ~[spring-web-7.0.6.jar:7.0.6]
	at org.springframework.security.web.FilterChainProxy$VirtualFilterChain.doFilter(FilterChainProxy.java:380) ~[spring-security-web-7.0.4.jar:7.0.4]
	at org.springframework.security.web.header.HeaderWriterFilter.doHeadersAfter(HeaderWriterFilter.java:90) ~[spring-security-web-7.0.4.jar:7.0.4]
	at org.springframework.security.web.header.HeaderWriterFilter.doFilterInternal(HeaderWriterFilter.java:75) ~[spring-security-web-7.0.4.jar:7.0.4]
	at org.springframework.web.filter.OncePerRequestFilter.doFilter(OncePerRequestFilter.java:116) ~[spring-web-7.0.6.jar:7.0.6]
	at org.springframework.security.web.FilterChainProxy$VirtualFilterChain.doFilter(FilterChainProxy.java:380) ~[spring-security-web-7.0.4.jar:7.0.4]
	at org.springframework.security.web.context.SecurityContextHolderFilter.doFilter(SecurityContextHolderFilter.java:82) ~[spring-security-web-7.0.4.jar:7.0.4]
	at org.springframework.security.web.context.SecurityContextHolderFilter.doFilter(SecurityContextHolderFilter.java:69) ~[spring-security-web-7.0.4.jar:7.0.4]
	at org.springframework.security.web.FilterChainProxy$VirtualFilterChain.doFilter(FilterChainProxy.java:380) ~[spring-security-web-7.0.4.jar:7.0.4]
	at org.springframework.security.web.context.request.async.WebAsyncManagerIntegrationFilter.doFilterInternal(WebAsyncManagerIntegrationFilter.java:62) ~[spring-security-web-7.0.4.jar:7.0.4]
	at org.springframework.web.filter.OncePerRequestFilter.doFilter(OncePerRequestFilter.java:116) ~[spring-web-7.0.6.jar:7.0.6]
	at org.springframework.security.web.FilterChainProxy$VirtualFilterChain.doFilter(FilterChainProxy.java:380) ~[spring-security-web-7.0.4.jar:7.0.4]
	at org.springframework.security.web.session.DisableEncodeUrlFilter.doFilterInternal(DisableEncodeUrlFilter.java:42) ~[spring-security-web-7.0.4.jar:7.0.4]
	at org.springframework.web.filter.OncePerRequestFilter.doFilter(OncePerRequestFilter.java:116) ~[spring-web-7.0.6.jar:7.0.6]
	at org.springframework.security.web.FilterChainProxy$VirtualFilterChain.doFilter(FilterChainProxy.java:380) ~[spring-security-web-7.0.4.jar:7.0.4]
	at org.springframework.security.web.FilterChainProxy.doFilterInternal(FilterChainProxy.java:237) ~[spring-security-web-7.0.4.jar:7.0.4]
	at org.springframework.security.web.FilterChainProxy.doFilter(FilterChainProxy.java:195) ~[spring-security-web-7.0.4.jar:7.0.4]
	at org.springframework.web.filter.CompositeFilter$VirtualFilterChain.doFilter(CompositeFilter.java:113) ~[spring-web-7.0.6.jar:7.0.6]
	at org.springframework.web.filter.ServletRequestPathFilter.doFilter(ServletRequestPathFilter.java:52) ~[spring-web-7.0.6.jar:7.0.6]
	at org.springframework.web.filter.CompositeFilter$VirtualFilterChain.doFilter(CompositeFilter.java:113) ~[spring-web-7.0.6.jar:7.0.6]
	at org.springframework.web.filter.CompositeFilter.doFilter(CompositeFilter.java:74) ~[spring-web-7.0.6.jar:7.0.6]
	at org.springframework.security.config.annotation.web.configuration.WebSecurityConfiguration$CompositeFilterChainProxy.doFilter(WebSecurityConfiguration.java:317) ~[spring-security-config-7.0.4.jar:7.0.4]
	at org.springframework.web.filter.DelegatingFilterProxy.invokeDelegate(DelegatingFilterProxy.java:355) ~[spring-web-7.0.6.jar:7.0.6]
	at org.springframework.web.filter.DelegatingFilterProxy.doFilter(DelegatingFilterProxy.java:272) ~[spring-web-7.0.6.jar:7.0.6]
	at org.apache.catalina.core.ApplicationFilterChain.doFilter(ApplicationFilterChain.java:107) ~[tomcat-embed-core-11.0.20.jar:11.0.20]
	at org.springframework.web.filter.RequestContextFilter.doFilterInternal(RequestContextFilter.java:100) ~[spring-web-7.0.6.jar:7.0.6]
	at org.springframework.web.filter.OncePerRequestFilter.doFilter(OncePerRequestFilter.java:116) ~[spring-web-7.0.6.jar:7.0.6]
	at org.apache.catalina.core.ApplicationFilterChain.doFilter(ApplicationFilterChain.java:107) ~[tomcat-embed-core-11.0.20.jar:11.0.20]
	at org.springframework.web.filter.FormContentFilter.doFilterInternal(FormContentFilter.java:93) ~[spring-web-7.0.6.jar:7.0.6]
	at org.springframework.web.filter.OncePerRequestFilter.doFilter(OncePerRequestFilter.java:116) ~[spring-web-7.0.6.jar:7.0.6]
	at org.apache.catalina.core.ApplicationFilterChain.doFilter(ApplicationFilterChain.java:107) ~[tomcat-embed-core-11.0.20.jar:11.0.20]
	at org.springframework.web.filter.CharacterEncodingFilter.doFilterInternal(CharacterEncodingFilter.java:199) ~[spring-web-7.0.6.jar:7.0.6]
	at org.springframework.web.filter.OncePerRequestFilter.doFilter(OncePerRequestFilter.java:116) ~[spring-web-7.0.6.jar:7.0.6]
	at org.apache.catalina.core.ApplicationFilterChain.doFilter(ApplicationFilterChain.java:107) ~[tomcat-embed-core-11.0.20.jar:11.0.20]
	at org.apache.catalina.core.StandardWrapperValve.invoke(StandardWrapperValve.java:165) ~[tomcat-embed-core-11.0.20.jar:11.0.20]
	at org.apache.catalina.core.StandardContextValve.invoke(StandardContextValve.java:77) ~[tomcat-embed-core-11.0.20.jar:11.0.20]
	at org.apache.catalina.authenticator.AuthenticatorBase.invoke(AuthenticatorBase.java:492) ~[tomcat-embed-core-11.0.20.jar:11.0.20]
	at org.apache.catalina.core.StandardHostValve.invoke(StandardHostValve.java:113) ~[tomcat-embed-core-11.0.20.jar:11.0.20]
	at org.apache.catalina.valves.ErrorReportValve.invoke(ErrorReportValve.java:83) ~[tomcat-embed-core-11.0.20.jar:11.0.20]
	at org.apache.catalina.core.StandardEngineValve.invoke(StandardEngineValve.java:72) ~[tomcat-embed-core-11.0.20.jar:11.0.20]
	at org.apache.catalina.connector.CoyoteAdapter.service(CoyoteAdapter.java:341) ~[tomcat-embed-core-11.0.20.jar:11.0.20]
	at org.apache.coyote.http11.Http11Processor.service(Http11Processor.java:397) ~[tomcat-embed-core-11.0.20.jar:11.0.20]
	at org.apache.coyote.AbstractProcessorLight.process(AbstractProcessorLight.java:63) ~[tomcat-embed-core-11.0.20.jar:11.0.20]
	at org.apache.coyote.AbstractProtocol$ConnectionHandler.process(AbstractProtocol.java:903) ~[tomcat-embed-core-11.0.20.jar:11.0.20]
	at org.apache.tomcat.util.net.NioEndpoint$SocketProcessor.doRun(NioEndpoint.java:1779) ~[tomcat-embed-core-11.0.20.jar:11.0.20]
	at org.apache.tomcat.util.net.SocketProcessorBase.run(SocketProcessorBase.java:52) ~[tomcat-embed-core-11.0.20.jar:11.0.20]
	at org.apache.tomcat.util.threads.ThreadPoolExecutor.runWorker(ThreadPoolExecutor.java:946) ~[tomcat-embed-core-11.0.20.jar:11.0.20]
	at org.apache.tomcat.util.threads.ThreadPoolExecutor$Worker.run(ThreadPoolExecutor.java:480) ~[tomcat-embed-core-11.0.20.jar:11.0.20]
	at org.apache.tomcat.util.threads.TaskThread$WrappingRunnable.run(TaskThread.java:57) ~[tomcat-embed-core-11.0.20.jar:11.0.20]
	at java.base/java.lang.Thread.run(Thread.java:1583) ~[na:na]

[INFO] ------------------------------------------------------------------------
[INFO] BUILD FAILURE
[INFO] ------------------------------------------------------------------------
[INFO] Total time:  42:59 min
[INFO] Finished at: 2026-04-12T17:41:58-03:00
[INFO] ------------------------------------------------------------------------
[ERROR] Failed to execute goal org.springframework.boot:spring-boot-maven-plugin:4.0.5:run (default-cli) on project garbage-reporting-service: Process terminated with exit code: -1 -> [Help 1]
[ERROR] 
[ERROR] To see the full stack trace of the errors, re-run Maven with the -e switch.
[ERROR] Re-run Maven using the -X switch to enable full debug logging.
[ERROR] 
[ERROR] For more information about the errors and possible solutions, please read the following articles:
[ERROR] [Help 1] http://cwiki.apache.org/confluence/display/MAVEN/MojoExecutionException
